[SNIPER] (0) Using trace file /global/work/runarbol/sniper-traces/calculix.250000000.sift
[SNIPER] (1) Using trace file /global/work/runarbol/sniper-traces/gobmk.250000000.sift
[SNIPER] (2) Using trace file /global/work/runarbol/sniper-traces/GemsFDTD.250000000.sift
[SNIPER] (3) Using trace file /global/work/runarbol/sniper-traces/cactusADM.250000000.sift
[SNIPER] Start
Executing Python script /global/work/runarbol/run/replacement/calculix-gobmk-GemsFDTD-cactusADM.250M.tadip.l2-0128k.l3-04M.membus-06_4.csmb-0001/sim.scripts.py
[BENCHMARK] 0 start
[BENCHMARK] 1 start
[BENCHMARK] 2 start
[BENCHMARK] 3 start
[SNIPER] --------------------------------------------------------------------------------
[SNIPER] Sniper using SIFT/trace-driven frontend
[SNIPER] Running full application in DETAILED mode
[SNIPER] --------------------------------------------------------------------------------
[SNIPER] Enabling performance models
[SNIPER] Setting instrumentation mode to DETAILED
[TRACE:2] -- DONE --
[BENCHMARK] 2 writing stats
[BENCHMARK] 2 restart
[TRACE:1] -- DONE --
[BENCHMARK] 1 writing stats
[BENCHMARK] 1 restart
[TRACE:0] -- DONE --
[BENCHMARK] 0 writing stats
[BENCHMARK] 0 restart
[TRACE:3] -- DONE --
[BENCHMARK] 3 writing stats
[TRACE:5] -- STOP --
[TRACE:6] -- STOP --
[TRACE:4] -- STOP --
[SNIPER] Disabling performance models
[SNIPER] Leaving ROI after 2002.81 seconds
[SNIPER] Simulated 1261.8M instructions, 252.2M cycles, 5.00 IPC
[SNIPER] Simulation speed 630.0 KIPS (157.5 KIPS / target core - 6349.2ns/instr)
[SNIPER] Setting instrumentation mode to FAST_FORWARD
[SNIPER] End
[SNIPER] Elapsed time: 2001.22 seconds
