[SNIPER] (0) Using trace file /global/work/runarbol/sniper-traces/libquantum.250000000.sift
[SNIPER] (1) Using trace file /global/work/runarbol/sniper-traces/gcc.250000000.sift
[SNIPER] (2) Using trace file /global/work/runarbol/sniper-traces/xalancbmk.250000000.sift
[SNIPER] (3) Using trace file /global/work/runarbol/sniper-traces/bwaves.250000000.sift
[SNIPER] Start
Executing Python script /global/work/runarbol/run/replacement/libquantum-gcc-xalancbmk-bwaves.250M.pipp.l2-0256k.l3-04M.membus-03_2.csmb-0100/sim.scripts.py
[BENCHMARK] 0 start
[BENCHMARK] 1 start
[BENCHMARK] 2 start
[BENCHMARK] 3 start
[SNIPER] --------------------------------------------------------------------------------
[SNIPER] Sniper using SIFT/trace-driven frontend
[SNIPER] Running full application in DETAILED mode
[SNIPER] --------------------------------------------------------------------------------
[SNIPER] Enabling performance models
[SNIPER] Setting instrumentation mode to DETAILED
[TRACE:1] -- DONE --
[BENCHMARK] 1 writing stats
[BENCHMARK] 1 restart
[TRACE:3] -- DONE --
[BENCHMARK] 3 writing stats
[BENCHMARK] 3 restart
[TRACE:4] -- DONE --
[BENCHMARK] 1 restart
[TRACE:5] -- DONE --
[BENCHMARK] 3 restart
[TRACE:6] -- DONE --
[BENCHMARK] 1 restart
[TRACE:0] -- DONE --
[BENCHMARK] 0 writing stats
[BENCHMARK] 0 restart
[TRACE:8] -- DONE --
[BENCHMARK] 1 restart
[TRACE:7] -- DONE --
[BENCHMARK] 3 restart
[TRACE:10] -- DONE --
[BENCHMARK] 1 restart
[TRACE:2] -- DONE --
[BENCHMARK] 2 writing stats
[TRACE:9] -- STOP --
[TRACE:12] -- STOP --
[TRACE:11] -- STOP --
[SNIPER] Disabling performance models
[SNIPER] Leaving ROI after 10023.91 seconds
[SNIPER] Simulated 3099.6M instructions, 3046.3M cycles, 1.02 IPC
[SNIPER] Simulation speed 309.2 KIPS (77.3 KIPS / target core - 12936.0ns/instr)
[SNIPER] Setting instrumentation mode to FAST_FORWARD
[SNIPER] End
[SNIPER] Elapsed time: 10016.38 seconds
