[SNIPER] (0) Using trace file /global/work/runarbol/sniper-traces/wrf.250000000.sift
[SNIPER] (1) Using trace file /global/work/runarbol/sniper-traces/gcc.250000000.sift
[SNIPER] (2) Using trace file /global/work/runarbol/sniper-traces/bwaves.250000000.sift
[SNIPER] (3) Using trace file /global/work/runarbol/sniper-traces/cactusADM.250000000.sift
[SNIPER] Start
Executing Python script /global/work/runarbol/run/replacement/wrf-gcc-bwaves-cactusADM.250M.lru.l2-0256k.l3-02M.membus-06_4.csmb-0100/sim.scripts.py
[BENCHMARK] 0 start
[BENCHMARK] 1 start
[BENCHMARK] 2 start
[BENCHMARK] 3 start
[SNIPER] --------------------------------------------------------------------------------
[SNIPER] Sniper using SIFT/trace-driven frontend
[SNIPER] Running full application in DETAILED mode
[SNIPER] --------------------------------------------------------------------------------
[SNIPER] Enabling performance models
[SNIPER] Setting instrumentation mode to DETAILED
[TRACE:3] -- DONE --
[BENCHMARK] 3 writing stats
[BENCHMARK] 3 restart
[TRACE:0] -- DONE --
[BENCHMARK] 0 writing stats
[BENCHMARK] 0 restart
[TRACE:1] -- DONE --
[BENCHMARK] 1 writing stats
[BENCHMARK] 1 restart
[TRACE:2] -- DONE --
[BENCHMARK] 2 writing stats
[TRACE:5] -- STOP --
[TRACE:6] -- STOP --
[TRACE:4] -- STOP --
[SNIPER] Disabling performance models
[SNIPER] Leaving ROI after 2408.70 seconds
[SNIPER] Simulated 1199.1M instructions, 502.3M cycles, 2.39 IPC
[SNIPER] Simulation speed 497.8 KIPS (124.5 KIPS / target core - 8034.9ns/instr)
[SNIPER] Setting instrumentation mode to FAST_FORWARD
[SNIPER] End
[SNIPER] Elapsed time: 2407.96 seconds
