[SNIPER] (0) Using trace file /global/work/runarbol/sniper-traces/milc.250000000.sift
[SNIPER] (1) Using trace file /global/work/runarbol/sniper-traces/calculix.250000000.sift
[SNIPER] (2) Using trace file /global/work/runarbol/sniper-traces/astar.250000000.sift
[SNIPER] (3) Using trace file /global/work/runarbol/sniper-traces/povray.250000000.sift
[SNIPER] Start
Executing Python script /global/work/runarbol/run/replacement/milc-calculix-astar-povray.250M.lru.l2-0256k.l3-01M.membus-06_4.csmb-0100/sim.scripts.py
[BENCHMARK] 0 start
[BENCHMARK] 1 start
[BENCHMARK] 2 start
[BENCHMARK] 3 start
[SNIPER] --------------------------------------------------------------------------------
[SNIPER] Sniper using SIFT/trace-driven frontend
[SNIPER] Running full application in DETAILED mode
[SNIPER] --------------------------------------------------------------------------------
[SNIPER] Enabling performance models
[SNIPER] Setting instrumentation mode to DETAILED
[TRACE:1] -- DONE --
[BENCHMARK] 1 writing stats
[BENCHMARK] 1 restart
[TRACE:3] -- DONE --
[BENCHMARK] 3 writing stats
[BENCHMARK] 3 restart
[TRACE:4] -- DONE --
[BENCHMARK] 1 restart
[TRACE:2] -- DONE --
[BENCHMARK] 2 writing stats
[BENCHMARK] 2 restart
[TRACE:5] -- DONE --
[BENCHMARK] 3 restart
[TRACE:0] -- DONE --
[BENCHMARK] 0 writing stats
[TRACE:7] -- STOP --
[TRACE:8] -- STOP --
[TRACE:6] -- STOP --
[SNIPER] Disabling performance models
[SNIPER] Leaving ROI after 3130.00 seconds
[SNIPER] Simulated 1863.2M instructions, 699.7M cycles, 2.66 IPC
[SNIPER] Simulation speed 595.3 KIPS (148.8 KIPS / target core - 6719.6ns/instr)
[SNIPER] Setting instrumentation mode to FAST_FORWARD
[SNIPER] End
[SNIPER] Elapsed time: 3128.91 seconds
