[SNIPER] (0) Using trace file /global/work/runarbol/sniper-traces/libquantum.250000000.sift
[SNIPER] (1) Using trace file /global/work/runarbol/sniper-traces/cactusADM.250000000.sift
[SNIPER] (2) Using trace file /global/work/runarbol/sniper-traces/milc.250000000.sift
[SNIPER] (3) Using trace file /global/work/runarbol/sniper-traces/zeusmp.250000000.sift
[SNIPER] Start
Executing Python script /global/work/runarbol/run/replacement/libquantum-cactusADM-milc-zeusmp.250M.tadip.l2-0128k.l3-04M.membus-06_4.csmb-0010/sim.scripts.py
[BENCHMARK] 0 start
[BENCHMARK] 1 start
[BENCHMARK] 2 start
[BENCHMARK] 3 start
[SNIPER] --------------------------------------------------------------------------------
[SNIPER] Sniper using SIFT/trace-driven frontend
[SNIPER] Running full application in DETAILED mode
[SNIPER] --------------------------------------------------------------------------------
[SNIPER] Enabling performance models
[SNIPER] Setting instrumentation mode to DETAILED
[TRACE:1] -- DONE --
[BENCHMARK] 1 writing stats
[BENCHMARK] 1 restart
[TRACE:3] -- DONE --
[BENCHMARK] 3 writing stats
[BENCHMARK] 3 restart
[TRACE:4] -- DONE --
[BENCHMARK] 1 restart
[TRACE:2] -- DONE --
[BENCHMARK] 2 writing stats
[BENCHMARK] 2 restart
[TRACE:6] -- DONE --
[BENCHMARK] 1 restart
[TRACE:5] -- DONE --
[BENCHMARK] 3 restart
[TRACE:0] -- DONE --
[BENCHMARK] 0 writing stats
[TRACE:9] -- STOP --
[TRACE:7] -- STOP --
[TRACE:8] -- STOP --
[SNIPER] Disabling performance models
[SNIPER] Leaving ROI after 7547.17 seconds
[SNIPER] Simulated 2215.6M instructions, 1218.0M cycles, 1.82 IPC
[SNIPER] Simulation speed 293.6 KIPS (73.4 KIPS / target core - 13625.7ns/instr)
[SNIPER] Setting instrumentation mode to FAST_FORWARD
[SNIPER] End
[SNIPER] Elapsed time: 7541.61 seconds
