[SNIPER] (0) Using trace file /global/work/runarbol/sniper-traces/bwaves.250000000.sift
[SNIPER] (1) Using trace file /global/work/runarbol/sniper-traces/soplex.250000000.sift
[SNIPER] (2) Using trace file /global/work/runarbol/sniper-traces/GemsFDTD.250000000.sift
[SNIPER] (3) Using trace file /global/work/runarbol/sniper-traces/milc.250000000.sift
[SNIPER] Start
Executing Python script /global/work/runarbol/run/replacement/bwaves-soplex-GemsFDTD-milc.250M.prism.l2-0512k.l3-04M.membus-06_4.csmb-0100/sim.scripts.py
[BENCHMARK] 0 start
[BENCHMARK] 1 start
[BENCHMARK] 2 start
[BENCHMARK] 3 start
[SNIPER] --------------------------------------------------------------------------------
[SNIPER] Sniper using SIFT/trace-driven frontend
[SNIPER] Running full application in DETAILED mode
[SNIPER] --------------------------------------------------------------------------------
[SNIPER] Enabling performance models
[SNIPER] Setting instrumentation mode to DETAILED
[TRACE:2] -- DONE --
[BENCHMARK] 2 writing stats
[BENCHMARK] 2 restart
[TRACE:4] -- DONE --
[BENCHMARK] 2 restart
[TRACE:5] -- DONE --
[BENCHMARK] 2 restart
[TRACE:0] -- DONE --
[BENCHMARK] 0 writing stats
[BENCHMARK] 0 restart
[TRACE:6] -- DONE --
[BENCHMARK] 2 restart
[TRACE:8] -- DONE --
[BENCHMARK] 2 restart
[TRACE:3] -- DONE --
[BENCHMARK] 3 writing stats
[BENCHMARK] 3 restart
[TRACE:1] -- DONE --
[BENCHMARK] 1 writing stats
[TRACE:10] -- STOP --
[TRACE:9] -- STOP --
[TRACE:7] -- STOP --
[SNIPER] Disabling performance models
[SNIPER] Leaving ROI after 5553.85 seconds
[SNIPER] Simulated 2467.9M instructions, 997.3M cycles, 2.47 IPC
[SNIPER] Simulation speed 444.4 KIPS (111.1 KIPS / target core - 9001.9ns/instr)
[SNIPER] Setting instrumentation mode to FAST_FORWARD
[SNIPER] End
[SNIPER] Elapsed time: 5551.10 seconds
