[SNIPER] (0) Using trace file /global/work/runarbol/sniper-traces/tonto.250000000.sift
[SNIPER] (1) Using trace file /global/work/runarbol/sniper-traces/povray.250000000.sift
[SNIPER] (2) Using trace file /global/work/runarbol/sniper-traces/libquantum.250000000.sift
[SNIPER] (3) Using trace file /global/work/runarbol/sniper-traces/cactusADM.250000000.sift
[SNIPER] Start
Executing Python script /global/work/runarbol/run/replacement/tonto-povray-libquantum-cactusADM.250M.tadip.l2-0256k.l3-01M.membus-06_4.csmb-0100/sim.scripts.py
[BENCHMARK] 0 start
[BENCHMARK] 1 start
[BENCHMARK] 2 start
[BENCHMARK] 3 start
[SNIPER] --------------------------------------------------------------------------------
[SNIPER] Sniper using SIFT/trace-driven frontend
[SNIPER] Running full application in DETAILED mode
[SNIPER] --------------------------------------------------------------------------------
[SNIPER] Enabling performance models
[SNIPER] Setting instrumentation mode to DETAILED
[TRACE:0] -- DONE --
[BENCHMARK] 0 writing stats
[BENCHMARK] 0 restart
[TRACE:3] -- DONE --
[BENCHMARK] 3 writing stats
[BENCHMARK] 3 restart
[TRACE:1] -- DONE --
[BENCHMARK] 1 writing stats
[BENCHMARK] 1 restart
[TRACE:4] -- DONE --
[BENCHMARK] 0 restart
[TRACE:5] -- DONE --
[BENCHMARK] 3 restart
[TRACE:6] -- DONE --
[BENCHMARK] 1 restart
[TRACE:7] -- DONE --
[BENCHMARK] 0 restart
[TRACE:8] -- DONE --
[BENCHMARK] 3 restart
[TRACE:9] -- DONE --
[BENCHMARK] 1 restart
[TRACE:2] -- DONE --
[BENCHMARK] 2 writing stats
[TRACE:12] -- STOP --
[TRACE:11] -- STOP --
[TRACE:10] -- STOP --
[SNIPER] Disabling performance models
[SNIPER] Leaving ROI after 4569.62 seconds
[SNIPER] Simulated 2900.5M instructions, 996.3M cycles, 2.91 IPC
[SNIPER] Simulation speed 634.7 KIPS (158.7 KIPS / target core - 6301.9ns/instr)
[SNIPER] Setting instrumentation mode to FAST_FORWARD
[SNIPER] End
[SNIPER] Elapsed time: 4567.56 seconds
