[SNIPER] (0) Using trace file /global/work/runarbol/sniper-traces/dealII.250000000.sift
[SNIPER] Start
Executing Python script /global/work/runarbol/run/replacement/dealII.250M.lru.l2-0256k.l3-04M.membus-06_4.csmb-0100/sim.scripts.py
[BENCHMARK] 0 start
[SNIPER] --------------------------------------------------------------------------------
[SNIPER] Sniper using SIFT/trace-driven frontend
[SNIPER] Running full application in DETAILED mode
[SNIPER] --------------------------------------------------------------------------------
[SNIPER] Enabling performance models
[SNIPER] Setting instrumentation mode to DETAILED
[TRACE:0]    Number of degrees of freedom=2262
[TRACE:0]    Point value=0.106749
[TRACE:0] -- DONE --
[BENCHMARK] 0 writing stats
[SNIPER] Disabling performance models
[SNIPER] Leaving ROI after 803.25 seconds
[SNIPER] Simulated 250.0M instructions, 135.9M cycles, 1.84 IPC
[SNIPER] Simulation speed 311.2 KIPS (311.2 KIPS / target core - 3213.0ns/instr)
[SNIPER] Setting instrumentation mode to FAST_FORWARD
[SNIPER] End
[SNIPER] Elapsed time: 806.74 seconds
