[SNIPER] (0) Using trace file /global/work/runarbol/sniper-traces/sphinx3.250000000.sift
[SNIPER] (1) Using trace file /global/work/runarbol/sniper-traces/mcf.250000000.sift
[SNIPER] (2) Using trace file /global/work/runarbol/sniper-traces/soplex.250000000.sift
[SNIPER] (3) Using trace file /global/work/runarbol/sniper-traces/omnetpp.250000000.sift
[SNIPER] Start
Executing Python script /global/work/runarbol/run/replacement/sphinx3-mcf-soplex-omnetpp.250M.ucp.l2-0256k.l3-04M.membus-03_2.csmb-0100/sim.scripts.py
[BENCHMARK] 0 start
[BENCHMARK] 1 start
[BENCHMARK] 2 start
[BENCHMARK] 3 start
[SNIPER] --------------------------------------------------------------------------------
[SNIPER] Sniper using SIFT/trace-driven frontend
[SNIPER] Running full application in DETAILED mode
[SNIPER] --------------------------------------------------------------------------------
[SNIPER] Enabling performance models
[SNIPER] Setting instrumentation mode to DETAILED
[TRACE:0] -- DONE --
[BENCHMARK] 0 writing stats
[BENCHMARK] 0 restart
[TRACE:4] -- DONE --
[BENCHMARK] 0 restart
[TRACE:2] -- DONE --
[BENCHMARK] 2 writing stats
[BENCHMARK] 2 restart
[TRACE:3] -- DONE --
[BENCHMARK] 3 writing stats
[BENCHMARK] 3 restart
[TRACE:5] -- DONE --
[BENCHMARK] 0 restart
[TRACE:8] -- DONE --
[BENCHMARK] 0 restart
[TRACE:6] -- DONE --
[BENCHMARK] 2 restart
[TRACE:7] -- DONE --
[BENCHMARK] 3 restart
[TRACE:9] -- DONE --
[BENCHMARK] 0 restart
[TRACE:12] -- DONE --
[BENCHMARK] 0 restart
[TRACE:10] -- DONE --
[BENCHMARK] 2 restart
[TRACE:13] -- DONE --
[BENCHMARK] 0 restart
[TRACE:11] -- DONE --
[BENCHMARK] 3 restart
[TRACE:15] -- DONE --
[BENCHMARK] 0 restart
[TRACE:14] -- DONE --
[BENCHMARK] 2 restart
[TRACE:1] -- DONE --
[BENCHMARK] 1 writing stats
[TRACE:18] -- STOP --
[TRACE:17] -- STOP --
[TRACE:16] -- STOP --
[SNIPER] Disabling performance models
[SNIPER] Leaving ROI after 19627.63 seconds
[SNIPER] Simulated 4204.1M instructions, 6771.9M cycles, 0.62 IPC
[SNIPER] Simulation speed 214.2 KIPS (53.5 KIPS / target core - 18674.8ns/instr)
[SNIPER] Setting instrumentation mode to FAST_FORWARD
[SNIPER] End
[SNIPER] Elapsed time: 19627.63 seconds
