[SNIPER] (0) Using trace file /global/work/runarbol/sniper-traces/milc.250000000.sift
[SNIPER] (1) Using trace file /global/work/runarbol/sniper-traces/calculix.250000000.sift
[SNIPER] (2) Using trace file /global/work/runarbol/sniper-traces/astar.250000000.sift
[SNIPER] (3) Using trace file /global/work/runarbol/sniper-traces/povray.250000000.sift
[SNIPER] Start
Executing Python script /global/work/runarbol/run/replacement/milc-calculix-astar-povray.250M.pipp-min8.l2-0512k.l3-04M.membus-06_4/sim.scripts.py
[BENCHMARK] 0 start
[BENCHMARK] 1 start
[BENCHMARK] 2 start
[BENCHMARK] 3 start
[SNIPER] --------------------------------------------------------------------------------
[SNIPER] Sniper using SIFT/trace-driven frontend
[SNIPER] Running full application in DETAILED mode
[SNIPER] --------------------------------------------------------------------------------
[SNIPER] Enabling performance models
[SNIPER] Setting instrumentation mode to DETAILED
[TRACE:3] -- DONE --
[BENCHMARK] 3 writing stats
[BENCHMARK] 3 restart
[TRACE:1] -- DONE --
[BENCHMARK] 1 writing stats
[BENCHMARK] 1 restart
[TRACE:4] -- DONE --
[BENCHMARK] 3 restart
[TRACE:2] -- DONE --
[BENCHMARK] 2 writing stats
[BENCHMARK] 2 restart
[TRACE:5] -- DONE --
[BENCHMARK] 1 restart
[TRACE:6] -- DONE --
[BENCHMARK] 3 restart
[TRACE:9] -- DONE --
[BENCHMARK] 3 restart
[TRACE:0] -- DONE --
[BENCHMARK] 0 writing stats
[TRACE:8] -- STOP --
[TRACE:10] -- STOP --
[TRACE:7] -- STOP --
[SNIPER] Disabling performance models
[SNIPER] Leaving ROI after 2962.27 seconds
[SNIPER] Simulated 2323.0M instructions, 686.7M cycles, 3.38 IPC
[SNIPER] Simulation speed 784.2 KIPS (196.0 KIPS / target core - 5100.8ns/instr)
[SNIPER] Setting instrumentation mode to FAST_FORWARD
[SNIPER] End
[SNIPER] Elapsed time: 2959.86 seconds
