[SNIPER] (0) Using trace file /global/work/runarbol/sniper-traces/soplex.250000000.sift
[SNIPER] (1) Using trace file /global/work/runarbol/sniper-traces/bzip2.250000000.sift
[SNIPER] (2) Using trace file /global/work/runarbol/sniper-traces/omnetpp.250000000.sift
[SNIPER] (3) Using trace file /global/work/runarbol/sniper-traces/mcf.250000000.sift
[SNIPER] Start
Executing Python script /global/work/runarbol/run/replacement/soplex-bzip2-omnetpp-mcf.250M.pipp-min8.l2-0128k.l3-04M.membus-06_4.csmb-0001/sim.scripts.py
[BENCHMARK] 0 start
[BENCHMARK] 1 start
[BENCHMARK] 2 start
[BENCHMARK] 3 start
[SNIPER] --------------------------------------------------------------------------------
[SNIPER] Sniper using SIFT/trace-driven frontend
[SNIPER] Running full application in DETAILED mode
[SNIPER] --------------------------------------------------------------------------------
[SNIPER] Enabling performance models
[SNIPER] Setting instrumentation mode to DETAILED
[TRACE:1] -- DONE --
[BENCHMARK] 1 writing stats
[BENCHMARK] 1 restart
[TRACE:4] -- DONE --
[BENCHMARK] 1 restart
[TRACE:5] -- DONE --
[BENCHMARK] 1 restart
[TRACE:6] -- DONE --
[BENCHMARK] 1 restart
[TRACE:0] -- DONE --
[BENCHMARK] 0 writing stats
[BENCHMARK] 0 restart
[TRACE:2] -- DONE --
[BENCHMARK] 2 writing stats
[BENCHMARK] 2 restart
[TRACE:7] -- DONE --
[BENCHMARK] 1 restart
[TRACE:10] -- DONE --
[BENCHMARK] 1 restart
[TRACE:11] -- DONE --
[BENCHMARK] 1 restart
[TRACE:12] -- DONE --
[BENCHMARK] 1 restart
[TRACE:8] -- DONE --
[BENCHMARK] 0 restart
[TRACE:13] -- DONE --
[BENCHMARK] 1 restart
[TRACE:9] -- DONE --
[BENCHMARK] 2 restart
[TRACE:15] -- DONE --
[BENCHMARK] 1 restart
[TRACE:17] -- DONE --
[BENCHMARK] 1 restart
[TRACE:18] -- DONE --
[BENCHMARK] 1 restart
[TRACE:19] -- DONE --
[BENCHMARK] 1 restart
[TRACE:14] -- DONE --
[BENCHMARK] 0 restart
[TRACE:20] -- DONE --
[BENCHMARK] 1 restart
[TRACE:16] -- DONE --
[BENCHMARK] 2 restart
[TRACE:22] -- DONE --
[BENCHMARK] 1 restart
[TRACE:24] -- DONE --
[BENCHMARK] 1 restart
[TRACE:3] -- DONE --
[BENCHMARK] 3 writing stats
[TRACE:25] -- STOP --
[TRACE:23] -- STOP --
[TRACE:21] -- STOP --
[SNIPER] Disabling performance models
[SNIPER] Leaving ROI after 19158.80 seconds
[SNIPER] Simulated 6113.8M instructions, 3970.4M cycles, 1.54 IPC
[SNIPER] Simulation speed 319.1 KIPS (79.8 KIPS / target core - 12534.8ns/instr)
[SNIPER] Setting instrumentation mode to FAST_FORWARD
[SNIPER] End
[SNIPER] Elapsed time: 19158.25 seconds
