[SNIPER] (0) Using trace file /global/work/runarbol/sniper-traces/bwaves.250000000.sift
[SNIPER] (1) Using trace file /global/work/runarbol/sniper-traces/soplex.250000000.sift
[SNIPER] (2) Using trace file /global/work/runarbol/sniper-traces/GemsFDTD.250000000.sift
[SNIPER] (3) Using trace file /global/work/runarbol/sniper-traces/milc.250000000.sift
[SNIPER] Start
Executing Python script /global/work/runarbol/run/replacement/bwaves-soplex-GemsFDTD-milc.250M.prism.l2-0128k.l3-04M.membus-06_4.csmb-0001/sim.scripts.py
[BENCHMARK] 0 start
[BENCHMARK] 1 start
[BENCHMARK] 2 start
[BENCHMARK] 3 start
[SNIPER] --------------------------------------------------------------------------------
[SNIPER] Sniper using SIFT/trace-driven frontend
[SNIPER] Running full application in DETAILED mode
[SNIPER] --------------------------------------------------------------------------------
[SNIPER] Enabling performance models
[SNIPER] Setting instrumentation mode to DETAILED
[TRACE:2] -- DONE --
[BENCHMARK] 2 writing stats
[BENCHMARK] 2 restart
[TRACE:4] -- DONE --
[BENCHMARK] 2 restart
[TRACE:5] -- DONE --
[BENCHMARK] 2 restart
[TRACE:0] -- DONE --
[BENCHMARK] 0 writing stats
[BENCHMARK] 0 restart
[TRACE:6] -- DONE --
[BENCHMARK] 2 restart
[TRACE:8] -- DONE --
[BENCHMARK] 2 restart
[TRACE:3] -- DONE --
[BENCHMARK] 3 writing stats
[BENCHMARK] 3 restart
[TRACE:1] -- DONE --
[BENCHMARK] 1 writing stats
[TRACE:7] -- STOP --
[TRACE:9] -- STOP --
[TRACE:10] -- STOP --
[SNIPER] Disabling performance models
[SNIPER] Leaving ROI after 7495.72 seconds
[SNIPER] Simulated 2466.5M instructions, 993.4M cycles, 2.48 IPC
[SNIPER] Simulation speed 329.1 KIPS (82.3 KIPS / target core - 12155.9ns/instr)
[SNIPER] Setting instrumentation mode to FAST_FORWARD
[SNIPER] End
[SNIPER] Elapsed time: 7490.43 seconds
