[SNIPER] (0) Using trace file /global/work/runarbol/sniper-traces/xalancbmk.250000000.sift
[SNIPER] (1) Using trace file /global/work/runarbol/sniper-traces/mcf.250000000.sift
[SNIPER] (2) Using trace file /global/work/runarbol/sniper-traces/cactusADM.250000000.sift
[SNIPER] (3) Using trace file /global/work/runarbol/sniper-traces/sjeng.250000000.sift
[SNIPER] Start
Executing Python script /global/work/runarbol/run/replacement/xalancbmk-mcf-cactusADM-sjeng.250M.tadip.l2-0256k.l3-01M.membus-06_4.csmb-0100/sim.scripts.py
[BENCHMARK] 0 start
[BENCHMARK] 1 start
[BENCHMARK] 2 start
[BENCHMARK] 3 start
[SNIPER] --------------------------------------------------------------------------------
[SNIPER] Sniper using SIFT/trace-driven frontend
[SNIPER] Running full application in DETAILED mode
[SNIPER] --------------------------------------------------------------------------------
[SNIPER] Enabling performance models
[SNIPER] Setting instrumentation mode to DETAILED
[TRACE:2] -- DONE --
[BENCHMARK] 2 writing stats
[BENCHMARK] 2 restart
[TRACE:3] -- DONE --
[BENCHMARK] 3 writing stats
[BENCHMARK] 3 restart
[TRACE:4] -- DONE --
[BENCHMARK] 2 restart
[TRACE:5] -- DONE --
[BENCHMARK] 3 restart
[TRACE:6] -- DONE --
[BENCHMARK] 2 restart
[TRACE:7] -- DONE --
[BENCHMARK] 3 restart
[TRACE:8] -- DONE --
[BENCHMARK] 2 restart
