[SNIPER] (0) Using trace file /global/work/runarbol/sniper-traces/dealII.250000000.sift
[SNIPER] Start
Executing Python script /global/work/runarbol/run/classify/dealII.250M.lru.l2-0128k.l3-C-1_00.membus-C-06_4/sim.scripts.py
[BENCHMARK] 0 start
[SNIPER] --------------------------------------------------------------------------------
[SNIPER] Sniper using SIFT/trace-driven frontend
[SNIPER] Running full application in DETAILED mode
[SNIPER] --------------------------------------------------------------------------------
[SNIPER] Enabling performance models
[SNIPER] Setting instrumentation mode to DETAILED
[TRACE:0]    Number of degrees of freedom=2262
[TRACE:0]    Point value=0.106749
[TRACE:0] -- DONE --
[BENCHMARK] 0 writing stats
[SNIPER] Disabling performance models
[SNIPER] Leaving ROI after 585.96 seconds
[SNIPER] Simulated 250.0M instructions, 133.1M cycles, 1.88 IPC
[SNIPER] Simulation speed 426.6 KIPS (426.6 KIPS / target core - 2343.9ns/instr)
[SNIPER] Setting instrumentation mode to FAST_FORWARD
[SNIPER] End
[SNIPER] Elapsed time: 586.97 seconds
