[SNIPER] (0) Using trace file /global/work/runarbol/sniper-traces/h264ref.250000000.sift
[SNIPER] (1) Using trace file /global/work/runarbol/sniper-traces/soplex.250000000.sift
[SNIPER] (2) Using trace file /global/work/runarbol/sniper-traces/astar.250000000.sift
[SNIPER] (3) Using trace file /global/work/runarbol/sniper-traces/libquantum.250000000.sift
[SNIPER] Start
Executing Python script /global/work/runarbol/run/replacement/h264ref-soplex-astar-libquantum.250M.pipp-min8.l2-0256k.l3-01M.membus-06_4.csmb-0100/sim.scripts.py
[BENCHMARK] 0 start
[BENCHMARK] 1 start
[BENCHMARK] 2 start
[BENCHMARK] 3 start
[SNIPER] --------------------------------------------------------------------------------
[SNIPER] Sniper using SIFT/trace-driven frontend
[SNIPER] Running full application in DETAILED mode
[SNIPER] --------------------------------------------------------------------------------
[SNIPER] Enabling performance models
[SNIPER] Setting instrumentation mode to DETAILED
[TRACE:0] -- DONE --
[BENCHMARK] 0 writing stats
[BENCHMARK] 0 restart
[TRACE:4] -- DONE --
[BENCHMARK] 0 restart
[TRACE:2] -- DONE --
[BENCHMARK] 2 writing stats
[BENCHMARK] 2 restart
[TRACE:5] -- DONE --
[BENCHMARK] 0 restart
[TRACE:7] -- DONE --
[BENCHMARK] 0 restart
[TRACE:3] -- DONE --
[BENCHMARK] 3 writing stats
[BENCHMARK] 3 restart
[TRACE:1] -- DONE --
[BENCHMARK] 1 writing stats
[TRACE:8] -- STOP --
[TRACE:9] -- STOP --
[TRACE:6] -- STOP --
[SNIPER] Disabling performance models
[SNIPER] Leaving ROI after 3890.38 seconds
[SNIPER] Simulated 2126.8M instructions, 1140.3M cycles, 1.87 IPC
[SNIPER] Simulation speed 546.7 KIPS (136.7 KIPS / target core - 7316.8ns/instr)
[SNIPER] Setting instrumentation mode to FAST_FORWARD
[SNIPER] End
[SNIPER] Elapsed time: 3889.14 seconds
