[SNIPER] (0) Using trace file /global/work/runarbol/sniper-traces/sphinx3.250000000.sift
[SNIPER] (1) Using trace file /global/work/runarbol/sniper-traces/libquantum.250000000.sift
[SNIPER] (2) Using trace file /global/work/runarbol/sniper-traces/calculix.250000000.sift
[SNIPER] (3) Using trace file /global/work/runarbol/sniper-traces/povray.250000000.sift
[SNIPER] Start
Executing Python script /global/work/runarbol/run/replacement/sphinx3-libquantum-calculix-povray.250M.prism.l2-0256k.l3-04M.membus-01_6.csmb-0100/sim.scripts.py
[BENCHMARK] 0 start
[BENCHMARK] 1 start
[BENCHMARK] 2 start
[BENCHMARK] 3 start
[SNIPER] --------------------------------------------------------------------------------
[SNIPER] Sniper using SIFT/trace-driven frontend
[SNIPER] Running full application in DETAILED mode
[SNIPER] --------------------------------------------------------------------------------
[SNIPER] Enabling performance models
[SNIPER] Setting instrumentation mode to DETAILED
[TRACE:3] -- DONE --
[BENCHMARK] 3 writing stats
[BENCHMARK] 3 restart
[TRACE:2] -- DONE --
[BENCHMARK] 2 writing stats
[BENCHMARK] 2 restart
[TRACE:4] -- DONE --
[BENCHMARK] 3 restart
[TRACE:5] -- DONE --
[BENCHMARK] 2 restart
[TRACE:0] -- DONE --
[BENCHMARK] 0 writing stats
[BENCHMARK] 0 restart
[TRACE:6] -- DONE --
[BENCHMARK] 3 restart
[TRACE:7] -- DONE --
[BENCHMARK] 2 restart
[TRACE:9] -- DONE --
[BENCHMARK] 3 restart
[TRACE:11] -- DONE --
[BENCHMARK] 3 restart
[TRACE:10] -- DONE --
[BENCHMARK] 2 restart
[TRACE:8] -- DONE --
[BENCHMARK] 0 restart
[TRACE:12] -- DONE --
[BENCHMARK] 3 restart
[TRACE:13] -- DONE --
[BENCHMARK] 2 restart
[TRACE:15] -- DONE --
[BENCHMARK] 3 restart
[TRACE:16] -- DONE --
[BENCHMARK] 2 restart
[TRACE:1] -- DONE --
[BENCHMARK] 1 writing stats
[TRACE:17] -- STOP --
[TRACE:18] -- STOP --
[TRACE:14] -- STOP --
[SNIPER] Disabling performance models
[SNIPER] Leaving ROI after 9811.81 seconds
[SNIPER] Simulated 4500.7M instructions, 2294.2M cycles, 1.96 IPC
[SNIPER] Simulation speed 458.7 KIPS (114.7 KIPS / target core - 8720.3ns/instr)
[SNIPER] Setting instrumentation mode to FAST_FORWARD
[SNIPER] End
[SNIPER] Elapsed time: 9805.08 seconds
