***** PinPoints: START  ***** Wed 11 Feb 12:30:46 CET 2015
PROGRAM.INPUT libquantum.
SLICE_SIZE=500000000
CUTOFF=.99
Running /home/runar/workspace/master//benchmark/spec2006/benchspec/CPU2006//462.libquantum/run/run_base_ref_gcc44-64bit.0000/libquantum_base.gcc44-64bit 1397 8 in /home/runar/workspace/master//benchmark/spec2006/benchspec/CPU2006//462.libquantum/run/run_base_ref_gcc44-64bit.0000
PIN_PREFIX=
N = 1397, 56 qubits required
Random seed: 8
Measured 1468006 (0.700000), fractional approximation is 7/10.
Possible period is 10.
1397 = 11 * 127

real	4m37.476s
user	4m37.630s
sys	0m0.097s
*** Running isimpoint *** Wed 11 Feb 12:35:23 CET 2015
PIN_PREFIX= pin  -t /home/runar/workspace/master/tools/simpoint/pintools/source/tools/PinPoints/bin-ia32e/isimpoint.so  -slice_size 500000000 -o libquantum. -- 
N = 1397, 56 qubits required
Random seed: 8
Measured 1468006 (0.700000), fractional approximation is 7/10.
Possible period is 10.
1397 = 11 * 127
*** Running Step2.sh *** Wed 11 Feb 13:15:14 CET 2015
WARMUP FACTOR = 0
CUTOFF = .99
Filtered CUTOFF = 0.99
CUTOFF_SUFFIX = .lpt0.99
Welcome to Step 2 : Generating pinpoints file
This step is almost completely automated.
/home/runar/workspace/master/tools/simpoint/pintools/source/tools/PinPoints/bin/simpoint
PATH set correctly.
 Name the profile file generated in Step1:
Concatenated libquantum..T.0.bb
slicesize=500000000
inscount=2289284117063
Ran UCSD Cluster Analysis Successfully

Creating pinpoints file : version1:
      What is the prefix for the file (short name of your program)?
Creating pinpoints file for PIN tools:
ppgen.3 libquantum..pintool t.bb t.simpoints.lpt0.99 t.weights.lpt0.99 t.labels 0 >& ppgen.out

Generated pinpoints file /home/runar/workspace/master/benchmark/spec2006/benchspec/CPU2006/462.libquantum/run/run_base_ref_gcc44-64bit.0000/libquantum..Data/libquantum..pintool.1.pp.
Creating pinpoints file #2 for PIN tools:
pick_alternate_simpoints.sh 2 t.simpoints.lpt0.99 t.labels > t.2.simpoints.lpt0.99
ppgen.3 libquantum..ALT2.pintool t.bb t.2.simpoints.lpt0.99 t.weights.lpt0.99 t.labels 0 >& ppgen.out

Generated alternate pinpoints file /home/runar/workspace/master/benchmark/spec2006/benchspec/CPU2006/462.libquantum/run/run_base_ref_gcc44-64bit.0000/libquantum..Data/libquantum..ALT2.pintool.1.pp.
Creating pinpoints file #3 for PIN tools:
pick_alternate_simpoints.sh 3 t.simpoints.lpt0.99 t.labels > t.3.simpoints.lpt0.99
ppgen.3 libquantum..ALT3.pintool t.bb t.3.simpoints.lpt0.99 t.weights.lpt0.99 t.labels 0 >& ppgen.out

Generated alternate pinpoints file /home/runar/workspace/master/benchmark/spec2006/benchspec/CPU2006/462.libquantum/run/run_base_ref_gcc44-64bit.0000/libquantum..Data/libquantum..ALT3.pintool.1.pp.
Creating pinpoints file #4 for PIN tools:
pick_alternate_simpoints.sh 4 t.simpoints.lpt0.99 t.labels > t.4.simpoints.lpt0.99
ppgen.3 libquantum..ALT4.pintool t.bb t.4.simpoints.lpt0.99 t.weights.lpt0.99 t.labels 0 >& ppgen.out

Generated alternate pinpoints file /home/runar/workspace/master/benchmark/spec2006/benchspec/CPU2006/462.libquantum/run/run_base_ref_gcc44-64bit.0000/libquantum..Data/libquantum..ALT4.pintool.1.pp.
Step2:  Done 
*** Changing dir to /home/runar/workspace/master//benchmark/spec2006/benchspec/CPU2006//462.libquantum/run/run_base_ref_gcc44-64bit.0000 ***
*** Running controller *** Wed 11 Feb 13:15:15 CET 2015
PIN_PREFIX= pin -t /home/runar/workspace/master/tools/simpoint/pintools/source/tools/PinPoints/bin-ia32e/controller.so -ppfile libquantum..pintool.1.pp -control_log libquantum..control.log --
N = 1397, 56 qubits required
Random seed: 8
Measured 1468006 (0.700000), fractional approximation is 7/10.
Possible period is 10.
1397 = 11 * 127
*** Checking controller output*** Wed 11 Feb 16:10:46 CET 2015
Pinpoint, Start, Actual_Start, %delta_start, Length, Actual_length, %delta_start
1, 819500000000, 819500005906, 0, 500000000, 500000005, 0
***** PinPoints: END  ***** Wed 11 Feb 16:10:46 CET 2015
