***** PinPoints: START  ***** Sat  7 Feb 02:43:58 CET 2015
PROGRAM.INPUT mcf.
SLICE_SIZE=100000000
CUTOFF=.99
Running /home/runar/workspace/master//benchmark/spec2006/benchspec/CPU2006//429.mcf/run/run_base_ref_gcc44-64bit.0000/mcf_base.gcc44-64bit /home/runar/workspace/master//benchmark/spec2006/benchspec/CPU2006//429.mcf/run/run_base_ref_gcc44-64bit.0000/inp.in in /home/runar/workspace/master//benchmark/spec2006/benchspec/CPU2006//429.mcf/run/run_base_ref_gcc44-64bit.0000
PIN_PREFIX=

MCF SPEC CPU2006 version 1.10
Copyright (c) 1998-2000 Zuse Institut Berlin (ZIB)
Copyright (c) 2000-2002 Andreas Loebel & ZIB
Copyright (c) 2003-2005 Andreas Loebel

nodes                      : 25137
active arcs                : 260767
simplex iterations         : 226605
objective value            : 15887540369
new implicit arcs          : 27067745
active arcs                : 27328512
simplex iterations         : 2591718
objective value            : 12129093300
erased arcs                : 27045002
new implicit arcs          : 27045002
active arcs                : 27328512
simplex iterations         : 4853421
objective value            : 11109478016
erased arcs                : 27032013
new implicit arcs          : 27032013
active arcs                : 27328512
simplex iterations         : 6008461
objective value            : 11006050760
erased arcs                : 27028145
new implicit arcs          : 27028145
active arcs                : 27328512
simplex iterations         : 6751264
objective value            : 10912231340
erased arcs                : 27022372
new implicit arcs          : 27022372
active arcs                : 27328512
simplex iterations         : 7224533
objective value            : 10860742840
checksum                   : 900463229
done

real	2m54.471s
user	2m54.647s
sys	0m0.077s
*** Running isimpoint *** Sat  7 Feb 02:46:52 CET 2015
PIN_PREFIX= pin  -t /home/runar/workspace/master/tools/simpoint/pintools/source/tools/PinPoints/bin-ia32e/isimpoint.so  -slice_size 100000000 -o mcf. -- 

MCF SPEC CPU2006 version 1.10
Copyright (c) 1998-2000 Zuse Institut Berlin (ZIB)
Copyright (c) 2000-2002 Andreas Loebel & ZIB
Copyright (c) 2003-2005 Andreas Loebel

nodes                      : 25137
active arcs                : 260767
simplex iterations         : 226605
objective value            : 15887540369
new implicit arcs          : 27067745
active arcs                : 27328512
simplex iterations         : 2591718
objective value            : 12129093300
erased arcs                : 27045002
new implicit arcs          : 27045002
active arcs                : 27328512
simplex iterations         : 4853421
objective value            : 11109478016
erased arcs                : 27032013
new implicit arcs          : 27032013
active arcs                : 27328512
simplex iterations         : 6008461
objective value            : 11006050760
erased arcs                : 27028145
new implicit arcs          : 27028145
active arcs                : 27328512
simplex iterations         : 6751264
objective value            : 10912231340
erased arcs                : 27022372
new implicit arcs          : 27022372
active arcs                : 27328512
simplex iterations         : 7224533
objective value            : 10860742840
checksum                   : 900463229
done
*** Running Step2.sh *** Sat  7 Feb 02:56:53 CET 2015
WARMUP FACTOR = 0
CUTOFF = .99
Filtered CUTOFF = 0.99
CUTOFF_SUFFIX = .lpt0.99
Welcome to Step 2 : Generating pinpoints file
This step is almost completely automated.
/home/runar/workspace/master/tools/simpoint/pintools/source/tools/PinPoints/bin/simpoint
PATH set correctly.
 Name the profile file generated in Step1:
Concatenated mcf..T.0.bb
slicesize=100000000
inscount=356310965557
Ran UCSD Cluster Analysis Successfully

Creating pinpoints file : version1:
      What is the prefix for the file (short name of your program)?
Creating pinpoints file for PIN tools:
ppgen.3 mcf..pintool t.bb t.simpoints.lpt0.99 t.weights.lpt0.99 t.labels 0 >& ppgen.out

Generated pinpoints file /home/runar/workspace/master/benchmark/spec2006/benchspec/CPU2006/429.mcf/run/run_base_ref_gcc44-64bit.0000/mcf..Data/mcf..pintool.1.pp.
Creating pinpoints file #2 for PIN tools:
pick_alternate_simpoints.sh 2 t.simpoints.lpt0.99 t.labels > t.2.simpoints.lpt0.99
ppgen.3 mcf..ALT2.pintool t.bb t.2.simpoints.lpt0.99 t.weights.lpt0.99 t.labels 0 >& ppgen.out

Generated alternate pinpoints file /home/runar/workspace/master/benchmark/spec2006/benchspec/CPU2006/429.mcf/run/run_base_ref_gcc44-64bit.0000/mcf..Data/mcf..ALT2.pintool.1.pp.
Creating pinpoints file #3 for PIN tools:
pick_alternate_simpoints.sh 3 t.simpoints.lpt0.99 t.labels > t.3.simpoints.lpt0.99
ppgen.3 mcf..ALT3.pintool t.bb t.3.simpoints.lpt0.99 t.weights.lpt0.99 t.labels 0 >& ppgen.out

Generated alternate pinpoints file /home/runar/workspace/master/benchmark/spec2006/benchspec/CPU2006/429.mcf/run/run_base_ref_gcc44-64bit.0000/mcf..Data/mcf..ALT3.pintool.1.pp.
Creating pinpoints file #4 for PIN tools:
pick_alternate_simpoints.sh 4 t.simpoints.lpt0.99 t.labels > t.4.simpoints.lpt0.99
ppgen.3 mcf..ALT4.pintool t.bb t.4.simpoints.lpt0.99 t.weights.lpt0.99 t.labels 0 >& ppgen.out

Generated alternate pinpoints file /home/runar/workspace/master/benchmark/spec2006/benchspec/CPU2006/429.mcf/run/run_base_ref_gcc44-64bit.0000/mcf..Data/mcf..ALT4.pintool.1.pp.
Step2:  Done 
*** Changing dir to /home/runar/workspace/master//benchmark/spec2006/benchspec/CPU2006//429.mcf/run/run_base_ref_gcc44-64bit.0000 ***
*** Running controller *** Sat  7 Feb 02:56:53 CET 2015
PIN_PREFIX= pin -t /home/runar/workspace/master/tools/simpoint/pintools/source/tools/PinPoints/bin-ia32e/controller.so -ppfile mcf..pintool.1.pp -control_log mcf..control.log --

MCF SPEC CPU2006 version 1.10
Copyright (c) 1998-2000 Zuse Institut Berlin (ZIB)
Copyright (c) 2000-2002 Andreas Loebel & ZIB
Copyright (c) 2003-2005 Andreas Loebel

nodes                      : 25137
active arcs                : 260767
simplex iterations         : 226605
objective value            : 15887540369
new implicit arcs          : 27067745
active arcs                : 27328512
simplex iterations         : 2591718
objective value            : 12129093300
erased arcs                : 27045002
new implicit arcs          : 27045002
active arcs                : 27328512
simplex iterations         : 4853421
objective value            : 11109478016
erased arcs                : 27032013
new implicit arcs          : 27032013
active arcs                : 27328512
simplex iterations         : 6008461
objective value            : 11006050760
erased arcs                : 27028145
new implicit arcs          : 27028145
active arcs                : 27328512
simplex iterations         : 6751264
objective value            : 10912231340
erased arcs                : 27022372
new implicit arcs          : 27022372
active arcs                : 27328512
simplex iterations         : 7224533
objective value            : 10860742840
checksum                   : 900463229
done
*** Checking controller output*** Sat  7 Feb 03:22:43 CET 2015
Pinpoint, Start, Actual_Start, %delta_start, Length, Actual_length, %delta_start
1, 298100000000, 298100014358, 0, 100000000, 100000002, 0
***** PinPoints: END  ***** Sat  7 Feb 03:22:43 CET 2015
