***** PinPoints: START  ***** Wed 11 Feb 12:49:17 CET 2015
PROGRAM.INPUT povray.
SLICE_SIZE=250000000
CUTOFF=.99
Running /home/runar/workspace/master//benchmark/spec2006/benchspec/CPU2006//453.povray/run/run_base_ref_gcc44-64bit.0000/povray_base.gcc44-64bit /home/runar/workspace/master//benchmark/spec2006/benchspec/CPU2006//453.povray/run/run_base_ref_gcc44-64bit.0000/SPEC-benchmark-ref.ini in /home/runar/workspace/master//benchmark/spec2006/benchspec/CPU2006//453.povray/run/run_base_ref_gcc44-64bit.0000
PIN_PREFIX=

real	2m2.044s
user	2m1.773s
sys	0m0.357s
*** Running isimpoint *** Wed 11 Feb 12:51:19 CET 2015
PIN_PREFIX= pin  -t /home/runar/workspace/master/tools/simpoint/pintools/source/tools/PinPoints/bin-ia32e/isimpoint.so  -slice_size 250000000 -o povray. -- 
*** Running Step2.sh *** Wed 11 Feb 13:08:00 CET 2015
WARMUP FACTOR = 0
CUTOFF = .99
Filtered CUTOFF = 0.99
CUTOFF_SUFFIX = .lpt0.99
Welcome to Step 2 : Generating pinpoints file
This step is almost completely automated.
/home/runar/workspace/master/tools/simpoint/pintools/source/tools/PinPoints/bin/simpoint
PATH set correctly.
 Name the profile file generated in Step1:
Concatenated povray..T.0.bb
slicesize=250000000
inscount=995170360593
Ran UCSD Cluster Analysis Successfully

Creating pinpoints file : version1:
      What is the prefix for the file (short name of your program)?
Creating pinpoints file for PIN tools:
ppgen.3 povray..pintool t.bb t.simpoints.lpt0.99 t.weights.lpt0.99 t.labels 0 >& ppgen.out

Generated pinpoints file /home/runar/workspace/master/benchmark/spec2006/benchspec/CPU2006/453.povray/run/run_base_ref_gcc44-64bit.0000/povray..Data/povray..pintool.1.pp.
Creating pinpoints file #2 for PIN tools:
pick_alternate_simpoints.sh 2 t.simpoints.lpt0.99 t.labels > t.2.simpoints.lpt0.99
ppgen.3 povray..ALT2.pintool t.bb t.2.simpoints.lpt0.99 t.weights.lpt0.99 t.labels 0 >& ppgen.out

Generated alternate pinpoints file /home/runar/workspace/master/benchmark/spec2006/benchspec/CPU2006/453.povray/run/run_base_ref_gcc44-64bit.0000/povray..Data/povray..ALT2.pintool.1.pp.
Creating pinpoints file #3 for PIN tools:
pick_alternate_simpoints.sh 3 t.simpoints.lpt0.99 t.labels > t.3.simpoints.lpt0.99
ppgen.3 povray..ALT3.pintool t.bb t.3.simpoints.lpt0.99 t.weights.lpt0.99 t.labels 0 >& ppgen.out

Generated alternate pinpoints file /home/runar/workspace/master/benchmark/spec2006/benchspec/CPU2006/453.povray/run/run_base_ref_gcc44-64bit.0000/povray..Data/povray..ALT3.pintool.1.pp.
Creating pinpoints file #4 for PIN tools:
pick_alternate_simpoints.sh 4 t.simpoints.lpt0.99 t.labels > t.4.simpoints.lpt0.99
ppgen.3 povray..ALT4.pintool t.bb t.4.simpoints.lpt0.99 t.weights.lpt0.99 t.labels 0 >& ppgen.out

Generated alternate pinpoints file /home/runar/workspace/master/benchmark/spec2006/benchspec/CPU2006/453.povray/run/run_base_ref_gcc44-64bit.0000/povray..Data/povray..ALT4.pintool.1.pp.
Step2:  Done 
*** Changing dir to /home/runar/workspace/master//benchmark/spec2006/benchspec/CPU2006//453.povray/run/run_base_ref_gcc44-64bit.0000 ***
*** Running controller *** Wed 11 Feb 13:08:05 CET 2015
PIN_PREFIX= pin -t /home/runar/workspace/master/tools/simpoint/pintools/source/tools/PinPoints/bin-ia32e/controller.so -ppfile povray..pintool.1.pp -control_log povray..control.log --
*** Checking controller output*** Wed 11 Feb 13:19:22 CET 2015
Pinpoint, Start, Actual_Start, %delta_start, Length, Actual_length, %delta_start
1, 749000000000, 748999890752, 0, 250000000, 250000018, 0
***** PinPoints: END  ***** Wed 11 Feb 13:19:22 CET 2015
