***** PinPoints: START  ***** Mon  9 Feb 22:36:05 CET 2015
PROGRAM.INPUT tonto.
SLICE_SIZE=100000000
CUTOFF=.99
Running /home/runar/workspace/master//benchmark/spec2006/benchspec/CPU2006//465.tonto/run/run_base_ref_gcc44-64bit.0000/tonto_base.gcc44-64bit  in /home/runar/workspace/master//benchmark/spec2006/benchspec/CPU2006//465.tonto/run/run_base_ref_gcc44-64bit.0000
PIN_PREFIX=

real	7m29.557s
user	7m30.063s
sys	0m0.077s
*** Running isimpoint *** Mon  9 Feb 22:43:35 CET 2015
PIN_PREFIX= pin  -t /home/runar/workspace/master/tools/simpoint/pintools/source/tools/PinPoints/bin-ia32e/isimpoint.so  -slice_size 100000000 -o tonto. -- 
*** Running Step2.sh *** Mon  9 Feb 23:47:59 CET 2015
WARMUP FACTOR = 0
CUTOFF = .99
Filtered CUTOFF = 0.99
CUTOFF_SUFFIX = .lpt0.99
Welcome to Step 2 : Generating pinpoints file
This step is almost completely automated.
/home/runar/workspace/master/tools/simpoint/pintools/source/tools/PinPoints/bin/simpoint
PATH set correctly.
 Name the profile file generated in Step1:
Concatenated tonto..T.0.bb
slicesize=100000000
inscount=3584116497776
Ran UCSD Cluster Analysis Successfully

Creating pinpoints file : version1:
      What is the prefix for the file (short name of your program)?
Creating pinpoints file for PIN tools:
ppgen.3 tonto..pintool t.bb t.simpoints.lpt0.99 t.weights.lpt0.99 t.labels 0 >& ppgen.out

Generated pinpoints file /home/runar/workspace/master/benchmark/spec2006/benchspec/CPU2006/465.tonto/run/run_base_ref_gcc44-64bit.0000/tonto..Data/tonto..pintool.1.pp.
Creating pinpoints file #2 for PIN tools:
pick_alternate_simpoints.sh 2 t.simpoints.lpt0.99 t.labels > t.2.simpoints.lpt0.99
ppgen.3 tonto..ALT2.pintool t.bb t.2.simpoints.lpt0.99 t.weights.lpt0.99 t.labels 0 >& ppgen.out

Generated alternate pinpoints file /home/runar/workspace/master/benchmark/spec2006/benchspec/CPU2006/465.tonto/run/run_base_ref_gcc44-64bit.0000/tonto..Data/tonto..ALT2.pintool.1.pp.
Creating pinpoints file #3 for PIN tools:
pick_alternate_simpoints.sh 3 t.simpoints.lpt0.99 t.labels > t.3.simpoints.lpt0.99
ppgen.3 tonto..ALT3.pintool t.bb t.3.simpoints.lpt0.99 t.weights.lpt0.99 t.labels 0 >& ppgen.out

Generated alternate pinpoints file /home/runar/workspace/master/benchmark/spec2006/benchspec/CPU2006/465.tonto/run/run_base_ref_gcc44-64bit.0000/tonto..Data/tonto..ALT3.pintool.1.pp.
Creating pinpoints file #4 for PIN tools:
pick_alternate_simpoints.sh 4 t.simpoints.lpt0.99 t.labels > t.4.simpoints.lpt0.99
ppgen.3 tonto..ALT4.pintool t.bb t.4.simpoints.lpt0.99 t.weights.lpt0.99 t.labels 0 >& ppgen.out

Generated alternate pinpoints file /home/runar/workspace/master/benchmark/spec2006/benchspec/CPU2006/465.tonto/run/run_base_ref_gcc44-64bit.0000/tonto..Data/tonto..ALT4.pintool.1.pp.
Step2:  Done 
*** Changing dir to /home/runar/workspace/master//benchmark/spec2006/benchspec/CPU2006//465.tonto/run/run_base_ref_gcc44-64bit.0000 ***
*** Running controller *** Mon  9 Feb 23:48:38 CET 2015
PIN_PREFIX= pin -t /home/runar/workspace/master/tools/simpoint/pintools/source/tools/PinPoints/bin-ia32e/controller.so -ppfile tonto..pintool.1.pp -control_log tonto..control.log --
*** Checking controller output*** Tue 10 Feb 00:16:49 CET 2015
Pinpoint, Start, Actual_Start, %delta_start, Length, Actual_length, %delta_start
1, 3151100000000, 3151100312873, 0, 100000000, 100000005, 0
***** PinPoints: END  ***** Tue 10 Feb 00:16:49 CET 2015
