***** PinPoints: START  ***** Tue 10 Feb 06:08:38 CET 2015
PROGRAM.INPUT xalancbmk.
SLICE_SIZE=100000000
CUTOFF=.99
Running /home/runar/workspace/master//benchmark/spec2006/benchspec/CPU2006//483.xalancbmk/run/run_base_ref_gcc44-64bit.0000/Xalan_base.gcc44-64bit -v /home/runar/workspace/master//benchmark/spec2006/benchspec/CPU2006//483.xalancbmk/run/run_base_ref_gcc44-64bit.0000/t5.xml /home/runar/workspace/master//benchmark/spec2006/benchspec/CPU2006//483.xalancbmk/run/run_base_ref_gcc44-64bit.0000/xalanc.xml in /home/runar/workspace/master//benchmark/spec2006/benchspec/CPU2006//483.xalancbmk/run/run_base_ref_gcc44-64bit.0000
PIN_PREFIX=
XSLT Warning: Fatal Error.Occurred at unknown file , line 0 , column {null}.An exception occurred! Type:XMLPlatformException, Message:Could not determine base pathname of the file. (Line -1, column -1.)
SAXParseException: An exception occurred! Type:XMLPlatformException, Message:Could not determine base pathname of the file (, line 0, column 0)

real	1m3.401s
user	1m3.363s
sys	0m0.103s
*** Running isimpoint *** Tue 10 Feb 06:09:41 CET 2015
PIN_PREFIX= pin  -t /home/runar/workspace/master/tools/simpoint/pintools/source/tools/PinPoints/bin-ia32e/isimpoint.so  -slice_size 100000000 -o xalancbmk. -- 
*** Running Step2.sh *** Tue 10 Feb 06:19:56 CET 2015
WARMUP FACTOR = 0
CUTOFF = .99
Filtered CUTOFF = 0.99
CUTOFF_SUFFIX = .lpt0.99
Welcome to Step 2 : Generating pinpoints file
This step is almost completely automated.
/home/runar/workspace/master/tools/simpoint/pintools/source/tools/PinPoints/bin/simpoint
PATH set correctly.
 Name the profile file generated in Step1:
Concatenated xalancbmk..T.0.bb
slicesize=100000000
inscount=299910710867
Ran UCSD Cluster Analysis Successfully

Creating pinpoints file : version1:
      What is the prefix for the file (short name of your program)?
Creating pinpoints file for PIN tools:
ppgen.3 xalancbmk..pintool t.bb t.simpoints.lpt0.99 t.weights.lpt0.99 t.labels 0 >& ppgen.out

Generated pinpoints file /home/runar/workspace/master/benchmark/spec2006/benchspec/CPU2006/483.xalancbmk/run/run_base_ref_gcc44-64bit.0000/xalancbmk..Data/xalancbmk..pintool.1.pp.
Creating pinpoints file #2 for PIN tools:
pick_alternate_simpoints.sh 2 t.simpoints.lpt0.99 t.labels > t.2.simpoints.lpt0.99
ppgen.3 xalancbmk..ALT2.pintool t.bb t.2.simpoints.lpt0.99 t.weights.lpt0.99 t.labels 0 >& ppgen.out

Generated alternate pinpoints file /home/runar/workspace/master/benchmark/spec2006/benchspec/CPU2006/483.xalancbmk/run/run_base_ref_gcc44-64bit.0000/xalancbmk..Data/xalancbmk..ALT2.pintool.1.pp.
Creating pinpoints file #3 for PIN tools:
pick_alternate_simpoints.sh 3 t.simpoints.lpt0.99 t.labels > t.3.simpoints.lpt0.99
ppgen.3 xalancbmk..ALT3.pintool t.bb t.3.simpoints.lpt0.99 t.weights.lpt0.99 t.labels 0 >& ppgen.out

Generated alternate pinpoints file /home/runar/workspace/master/benchmark/spec2006/benchspec/CPU2006/483.xalancbmk/run/run_base_ref_gcc44-64bit.0000/xalancbmk..Data/xalancbmk..ALT3.pintool.1.pp.
Creating pinpoints file #4 for PIN tools:
pick_alternate_simpoints.sh 4 t.simpoints.lpt0.99 t.labels > t.4.simpoints.lpt0.99
ppgen.3 xalancbmk..ALT4.pintool t.bb t.4.simpoints.lpt0.99 t.weights.lpt0.99 t.labels 0 >& ppgen.out

Generated alternate pinpoints file /home/runar/workspace/master/benchmark/spec2006/benchspec/CPU2006/483.xalancbmk/run/run_base_ref_gcc44-64bit.0000/xalancbmk..Data/xalancbmk..ALT4.pintool.1.pp.
Step2:  Done 
*** Changing dir to /home/runar/workspace/master//benchmark/spec2006/benchspec/CPU2006//483.xalancbmk/run/run_base_ref_gcc44-64bit.0000 ***
*** Running controller *** Tue 10 Feb 06:20:00 CET 2015
PIN_PREFIX= pin -t /home/runar/workspace/master/tools/simpoint/pintools/source/tools/PinPoints/bin-ia32e/controller.so -ppfile xalancbmk..pintool.1.pp -control_log xalancbmk..control.log --
*** Checking controller output*** Tue 10 Feb 07:08:47 CET 2015
Pinpoint, Start, Actual_Start, %delta_start, Length, Actual_length, %delta_start
1, 146800000000, 146800003735, 0, 100000000, 100000001, 0
***** PinPoints: END  ***** Tue 10 Feb 07:08:47 CET 2015
