[SNIPER] (0) Using trace file /global/work/runarbol/sniper-traces/libquantum.250000000.sift
[SNIPER] (1) Using trace file /global/work/runarbol/sniper-traces/h264ref.250000000.sift
[SNIPER] (2) Using trace file /global/work/runarbol/sniper-traces/GemsFDTD.250000000.sift
[SNIPER] (3) Using trace file /global/work/runarbol/sniper-traces/gamess.250000000.sift
[SNIPER] Start
Executing Python script /global/work/runarbol/run/replacement/libquantum-h264ref-GemsFDTD-gamess.250M.prism.l2-0512k.l3-04M.membus-06_4/sim.scripts.py
[BENCHMARK] 0 start
[BENCHMARK] 1 start
[BENCHMARK] 2 start
[BENCHMARK] 3 start
[SNIPER] --------------------------------------------------------------------------------
[SNIPER] Sniper using SIFT/trace-driven frontend
[SNIPER] Running full application in DETAILED mode
[SNIPER] --------------------------------------------------------------------------------
[SNIPER] Enabling performance models
[SNIPER] Setting instrumentation mode to DETAILED
[TRACE:2] -- DONE --
[BENCHMARK] 2 writing stats
[BENCHMARK] 2 restart
[TRACE:3] -- DONE --
[BENCHMARK] 3 writing stats
[BENCHMARK] 3 restart
[TRACE:1] -- DONE --
[BENCHMARK] 1 writing stats
[BENCHMARK] 1 restart
[TRACE:4] -- DONE --
[BENCHMARK] 2 restart
[TRACE:5] -- DONE --
[BENCHMARK] 3 restart
[TRACE:6] -- DONE --
[BENCHMARK] 1 restart
[TRACE:7] -- DONE --
[BENCHMARK] 2 restart
[TRACE:8] -- DONE --
[BENCHMARK] 3 restart
[TRACE:9] -- DONE --
[BENCHMARK] 1 restart
[TRACE:10] -- DONE --
[BENCHMARK] 2 restart
[TRACE:12] -- DONE --
[BENCHMARK] 1 restart
[TRACE:11] -- DONE --
[BENCHMARK] 3 restart
[TRACE:13] -- DONE --
[BENCHMARK] 2 restart
[TRACE:14] -- DONE --
[BENCHMARK] 1 restart
[TRACE:15] -- DONE --
[BENCHMARK] 3 restart
[TRACE:16] -- DONE --
[BENCHMARK] 2 restart
[TRACE:17] -- DONE --
[BENCHMARK] 1 restart
[TRACE:18] -- DONE --
[BENCHMARK] 3 restart
[TRACE:19] -- DONE --
[BENCHMARK] 2 restart
[TRACE:0] -- DONE --
[BENCHMARK] 0 writing stats
[TRACE:20] -- STOP --
[TRACE:22] -- STOP --
[TRACE:21] -- STOP --
[SNIPER] Disabling performance models
[SNIPER] Leaving ROI after 6276.80 seconds
[SNIPER] Simulated 5370.5M instructions, 915.5M cycles, 5.87 IPC
[SNIPER] Simulation speed 855.6 KIPS (213.9 KIPS / target core - 4675.0ns/instr)
[SNIPER] Setting instrumentation mode to FAST_FORWARD
[SNIPER] End
[SNIPER] Elapsed time: 6272.34 seconds
