[SNIPER] (0) Using trace file /global/work/runarbol/sniper-traces/omnetpp.250000000.sift
[SNIPER] (1) Using trace file /global/work/runarbol/sniper-traces/sphinx3.250000000.sift
[SNIPER] (2) Using trace file /global/work/runarbol/sniper-traces/soplex.250000000.sift
[SNIPER] (3) Using trace file /global/work/runarbol/sniper-traces/bzip2.250000000.sift
[SNIPER] Start
Executing Python script /global/work/runarbol/run/replacement/omnetpp-sphinx3-soplex-bzip2.250M.lru.l2-0128k.l3-04M.membus-06_4.csmb-0001/sim.scripts.py
[BENCHMARK] 0 start
[BENCHMARK] 1 start
[BENCHMARK] 2 start
[BENCHMARK] 3 start
[SNIPER] --------------------------------------------------------------------------------
[SNIPER] Sniper using SIFT/trace-driven frontend
[SNIPER] Running full application in DETAILED mode
[SNIPER] --------------------------------------------------------------------------------
[SNIPER] Enabling performance models
[SNIPER] Setting instrumentation mode to DETAILED
[TRACE:3] -- DONE --
[BENCHMARK] 3 writing stats
[BENCHMARK] 3 restart
[TRACE:4] -- DONE --
[BENCHMARK] 3 restart
[TRACE:1] -- DONE --
[BENCHMARK] 1 writing stats
[BENCHMARK] 1 restart
[TRACE:5] -- DONE --
[BENCHMARK] 3 restart
[TRACE:2] -- DONE --
[BENCHMARK] 2 writing stats
[BENCHMARK] 2 restart
[TRACE:0] -- DONE --
[BENCHMARK] 0 writing stats
[TRACE:7] -- STOP --
[TRACE:8] -- STOP --
[TRACE:6] -- STOP --
[SNIPER] Disabling performance models
[SNIPER] Leaving ROI after 6307.96 seconds
[SNIPER] Simulated 1745.6M instructions, 1063.9M cycles, 1.64 IPC
[SNIPER] Simulation speed 276.7 KIPS (69.2 KIPS / target core - 14454.7ns/instr)
[SNIPER] Setting instrumentation mode to FAST_FORWARD
[SNIPER] End
[SNIPER] Elapsed time: 6309.19 seconds
