[SNIPER] (0) Using trace file /global/work/runarbol/sniper-traces/lbm.250000000.sift
[SNIPER] (1) Using trace file /global/work/runarbol/sniper-traces/povray.250000000.sift
[SNIPER] (2) Using trace file /global/work/runarbol/sniper-traces/sphinx3.250000000.sift
[SNIPER] (3) Using trace file /global/work/runarbol/sniper-traces/gamess.250000000.sift
[SNIPER] Start
Executing Python script /global/work/runarbol/run/replacement/lbm-povray-sphinx3-gamess.250M.pipp-min8.l2-1024k.l3-04M.membus-06_4.csmb-0100/sim.scripts.py
[BENCHMARK] 0 start
[BENCHMARK] 1 start
[BENCHMARK] 2 start
[BENCHMARK] 3 start
[SNIPER] --------------------------------------------------------------------------------
[SNIPER] Sniper using SIFT/trace-driven frontend
[SNIPER] Running full application in DETAILED mode
[SNIPER] --------------------------------------------------------------------------------
[SNIPER] Enabling performance models
[SNIPER] Setting instrumentation mode to DETAILED
[TRACE:3] -- DONE --
[BENCHMARK] 3 writing stats
[BENCHMARK] 3 restart
[TRACE:1] -- DONE --
[BENCHMARK] 1 writing stats
[BENCHMARK] 1 restart
[TRACE:4] -- DONE --
[BENCHMARK] 3 restart
[TRACE:2] -- DONE --
[BENCHMARK] 2 writing stats
[BENCHMARK] 2 restart
[TRACE:5] -- DONE --
[BENCHMARK] 1 restart
[TRACE:6] -- DONE --
[BENCHMARK] 3 restart
[TRACE:0] -- DONE --
[BENCHMARK] 0 writing stats
[TRACE:7] -- STOP --
[TRACE:9] -- STOP --
[TRACE:8] -- STOP --
[SNIPER] Disabling performance models
[SNIPER] Leaving ROI after 2858.29 seconds
[SNIPER] Simulated 2220.1M instructions, 593.4M cycles, 3.74 IPC
[SNIPER] Simulation speed 776.7 KIPS (194.2 KIPS / target core - 5149.9ns/instr)
[SNIPER] Setting instrumentation mode to FAST_FORWARD
[SNIPER] End
[SNIPER] Elapsed time: 2859.37 seconds
