[SNIPER] (0) Using trace file /global/work/runarbol/sniper-traces/libquantum.250000000.sift
[SNIPER] (1) Using trace file /global/work/runarbol/sniper-traces/milc.250000000.sift
[SNIPER] (2) Using trace file /global/work/runarbol/sniper-traces/gcc.250000000.sift
[SNIPER] (3) Using trace file /global/work/runarbol/sniper-traces/xalancbmk.250000000.sift
[SNIPER] Start
Executing Python script /global/work/runarbol/run/replacement/libquantum-milc-gcc-xalancbmk.250M.tadip.l2-0256k.l3-04M.membus-01_6.csmb-0100/sim.scripts.py
[BENCHMARK] 0 start
[BENCHMARK] 1 start
[BENCHMARK] 2 start
[BENCHMARK] 3 start
[SNIPER] --------------------------------------------------------------------------------
[SNIPER] Sniper using SIFT/trace-driven frontend
[SNIPER] Running full application in DETAILED mode
[SNIPER] --------------------------------------------------------------------------------
[SNIPER] Enabling performance models
[SNIPER] Setting instrumentation mode to DETAILED
[TRACE:2] -- DONE --
[BENCHMARK] 2 writing stats
[BENCHMARK] 2 restart
[TRACE:4] -- DONE --
[BENCHMARK] 2 restart
[TRACE:1] -- DONE --
[BENCHMARK] 1 writing stats
[BENCHMARK] 1 restart
[TRACE:5] -- DONE --
[BENCHMARK] 2 restart
[TRACE:0] -- DONE --
[BENCHMARK] 0 writing stats
[BENCHMARK] 0 restart
[TRACE:7] -- DONE --
[BENCHMARK] 2 restart
[TRACE:9] -- DONE --
[BENCHMARK] 2 restart
[TRACE:6] -- DONE --
[BENCHMARK] 1 restart
[TRACE:10] -- DONE --
[BENCHMARK] 2 restart
[TRACE:12] -- DONE --
[BENCHMARK] 2 restart
[TRACE:8] -- DONE --
[BENCHMARK] 0 restart
[TRACE:13] -- DONE --
[BENCHMARK] 2 restart
[TRACE:11] -- DONE --
[BENCHMARK] 1 restart
[TRACE:3] -- DONE --
[BENCHMARK] 3 writing stats
[TRACE:16] -- STOP --
[TRACE:14] -- STOP --
[TRACE:15] -- STOP --
[SNIPER] Disabling performance models
[SNIPER] Leaving ROI after 29925.63 seconds
[SNIPER] Simulated 3822.7M instructions, 8836.3M cycles, 0.43 IPC
[SNIPER] Simulation speed 127.7 KIPS (31.9 KIPS / target core - 31314.0ns/instr)
[SNIPER] Setting instrumentation mode to FAST_FORWARD
[SNIPER] End
[SNIPER] Elapsed time: 29924.04 seconds
