[SNIPER] (0) Using trace file /global/work/runarbol/sniper-traces/cactusADM.250000000.sift
[SNIPER] (1) Using trace file /global/work/runarbol/sniper-traces/milc.250000000.sift
[SNIPER] (2) Using trace file /global/work/runarbol/sniper-traces/zeusmp.250000000.sift
[SNIPER] (3) Using trace file /global/work/runarbol/sniper-traces/gcc.250000000.sift
[SNIPER] Start
Executing Python script /global/work/runarbol/run/replacement/cactusADM-milc-zeusmp-gcc.250M.pipp-min8.l2-0128k.l3-04M.membus-06_4/sim.scripts.py
[BENCHMARK] 0 start
[BENCHMARK] 1 start
[BENCHMARK] 2 start
[BENCHMARK] 3 start
[SNIPER] --------------------------------------------------------------------------------
[SNIPER] Sniper using SIFT/trace-driven frontend
[SNIPER] Running full application in DETAILED mode
[SNIPER] --------------------------------------------------------------------------------
[SNIPER] Enabling performance models
[SNIPER] Setting instrumentation mode to DETAILED
[TRACE:0] -- DONE --
[BENCHMARK] 0 writing stats
[BENCHMARK] 0 restart
[TRACE:3] -- DONE --
[BENCHMARK] 3 writing stats
[BENCHMARK] 3 restart
[TRACE:2] -- DONE --
[BENCHMARK] 2 writing stats
[BENCHMARK] 2 restart
[TRACE:4] -- DONE --
[BENCHMARK] 0 restart
[TRACE:1] -- DONE --
[BENCHMARK] 1 writing stats
[TRACE:5] -- STOP --
[TRACE:7] -- STOP --
[TRACE:6] -- STOP --
[SNIPER] Disabling performance models
[SNIPER] Leaving ROI after 3694.83 seconds
[SNIPER] Simulated 1761.4M instructions, 766.8M cycles, 2.30 IPC
[SNIPER] Simulation speed 476.7 KIPS (119.2 KIPS / target core - 8390.5ns/instr)
[SNIPER] Setting instrumentation mode to FAST_FORWARD
[SNIPER] End
[SNIPER] Elapsed time: 3692.87 seconds
