[SNIPER] (0) Using trace file /global/work/runarbol/sniper-traces/xalancbmk.250000000.sift
[SNIPER] (1) Using trace file /global/work/runarbol/sniper-traces/libquantum.250000000.sift
[SNIPER] (2) Using trace file /global/work/runarbol/sniper-traces/lbm.250000000.sift
[SNIPER] (3) Using trace file /global/work/runarbol/sniper-traces/milc.250000000.sift
[SNIPER] Start
Executing Python script /global/work/runarbol/run/replacement/xalancbmk-libquantum-lbm-milc.250M.tadip.l2-1024k.l3-04M.membus-06_4.csmb-0100/sim.scripts.py
[BENCHMARK] 0 start
[BENCHMARK] 1 start
[BENCHMARK] 2 start
[BENCHMARK] 3 start
[SNIPER] --------------------------------------------------------------------------------
[SNIPER] Sniper using SIFT/trace-driven frontend
[SNIPER] Running full application in DETAILED mode
[SNIPER] --------------------------------------------------------------------------------
[SNIPER] Enabling performance models
[SNIPER] Setting instrumentation mode to DETAILED
[TRACE:2] -- DONE --
[BENCHMARK] 2 writing stats
[BENCHMARK] 2 restart
[TRACE:3] -- DONE --
[BENCHMARK] 3 writing stats
[BENCHMARK] 3 restart
[TRACE:1] -- DONE --
[BENCHMARK] 1 writing stats
[BENCHMARK] 1 restart
[TRACE:4] -- DONE --
[BENCHMARK] 2 restart
[TRACE:5] -- DONE --
[BENCHMARK] 3 restart
[TRACE:7] -- DONE --
[BENCHMARK] 2 restart
[TRACE:0] -- DONE --
[BENCHMARK] 0 writing stats
[TRACE:6] -- STOP --
[TRACE:9] -- STOP --
[TRACE:8] -- STOP --
[SNIPER] Disabling performance models
[SNIPER] Leaving ROI after 18282.29 seconds
[SNIPER] Simulated 2139.2M instructions, 2950.8M cycles, 0.72 IPC
[SNIPER] Simulation speed 117.0 KIPS (29.3 KIPS / target core - 34185.0ns/instr)
[SNIPER] Setting instrumentation mode to FAST_FORWARD
[SNIPER] End
[SNIPER] Elapsed time: 18267.61 seconds
