[SNIPER] (0) Using trace file /global/work/runarbol/sniper-traces/sphinx3.250000000.sift
[SNIPER] (1) Using trace file /global/work/runarbol/sniper-traces/mcf.250000000.sift
[SNIPER] (2) Using trace file /global/work/runarbol/sniper-traces/soplex.250000000.sift
[SNIPER] (3) Using trace file /global/work/runarbol/sniper-traces/bzip2.250000000.sift
[SNIPER] Start
Executing Python script /global/work/runarbol/run/replacement/sphinx3-mcf-soplex-bzip2.250M.tadip.l2-0256k.l3-04M.membus-06_4.csmb-0100/sim.scripts.py
[BENCHMARK] 0 start
[BENCHMARK] 1 start
[BENCHMARK] 2 start
[BENCHMARK] 3 start
[SNIPER] --------------------------------------------------------------------------------
[SNIPER] Sniper using SIFT/trace-driven frontend
[SNIPER] Running full application in DETAILED mode
[SNIPER] --------------------------------------------------------------------------------
[SNIPER] Enabling performance models
[SNIPER] Setting instrumentation mode to DETAILED
[TRACE:3] -- DONE --
[BENCHMARK] 3 writing stats
[BENCHMARK] 3 restart
[TRACE:4] -- DONE --
[BENCHMARK] 3 restart
[TRACE:0] -- DONE --
[BENCHMARK] 0 writing stats
[BENCHMARK] 0 restart
[TRACE:5] -- DONE --
[BENCHMARK] 3 restart
[TRACE:2] -- DONE --
[BENCHMARK] 2 writing stats
[BENCHMARK] 2 restart
[TRACE:7] -- DONE --
[BENCHMARK] 3 restart
[TRACE:6] -- DONE --
[BENCHMARK] 0 restart
[TRACE:9] -- DONE --
[BENCHMARK] 3 restart
[TRACE:11] -- DONE --
[BENCHMARK] 3 restart
[TRACE:8] -- DONE --
[BENCHMARK] 2 restart
[TRACE:10] -- DONE --
[BENCHMARK] 0 restart
[TRACE:12] -- DONE --
[BENCHMARK] 3 restart
[TRACE:15] -- DONE --
[BENCHMARK] 3 restart
[TRACE:14] -- DONE --
[BENCHMARK] 0 restart
[TRACE:16] -- DONE --
[BENCHMARK] 3 restart
[TRACE:13] -- DONE --
[BENCHMARK] 2 restart
[TRACE:18] -- DONE --
[BENCHMARK] 3 restart
[TRACE:20] -- DONE --
[BENCHMARK] 3 restart
[TRACE:17] -- DONE --
[BENCHMARK] 0 restart
[TRACE:1] -- DONE --
[BENCHMARK] 1 writing stats
[TRACE:22] -- STOP --
[TRACE:19] -- STOP --
[TRACE:21] -- STOP --
[SNIPER] Disabling performance models
[SNIPER] Leaving ROI after 20544.26 seconds
[SNIPER] Simulated 5346.5M instructions, 3693.3M cycles, 1.45 IPC
[SNIPER] Simulation speed 260.2 KIPS (65.1 KIPS / target core - 15370.3ns/instr)
[SNIPER] Setting instrumentation mode to FAST_FORWARD
[SNIPER] End
[SNIPER] Elapsed time: 20527.82 seconds
