[SNIPER] (0) Using trace file /global/work/runarbol/sniper-traces/sphinx3.250000000.sift
[SNIPER] (1) Using trace file /global/work/runarbol/sniper-traces/mcf.250000000.sift
[SNIPER] (2) Using trace file /global/work/runarbol/sniper-traces/soplex.250000000.sift
[SNIPER] (3) Using trace file /global/work/runarbol/sniper-traces/omnetpp.250000000.sift
[SNIPER] Start
Executing Python script /global/work/runarbol/run/replacement/sphinx3-mcf-soplex-omnetpp.250M.prism.l2-0128k.l3-04M.membus-06_4.csmb-0100/sim.scripts.py
[BENCHMARK] 0 start
[BENCHMARK] 1 start
[BENCHMARK] 2 start
[BENCHMARK] 3 start
[SNIPER] --------------------------------------------------------------------------------
[SNIPER] Sniper using SIFT/trace-driven frontend
[SNIPER] Running full application in DETAILED mode
[SNIPER] --------------------------------------------------------------------------------
[SNIPER] Enabling performance models
[SNIPER] Setting instrumentation mode to DETAILED
[TRACE:0] -- DONE --
[BENCHMARK] 0 writing stats
[BENCHMARK] 0 restart
[TRACE:2] -- DONE --
[BENCHMARK] 2 writing stats
[BENCHMARK] 2 restart
[TRACE:3] -- DONE --
[BENCHMARK] 3 writing stats
[BENCHMARK] 3 restart
[TRACE:4] -- DONE --
[BENCHMARK] 0 restart
[TRACE:5] -- DONE --
[BENCHMARK] 2 restart
[TRACE:7] -- DONE --
[BENCHMARK] 0 restart
[TRACE:6] -- DONE --
[BENCHMARK] 3 restart
[TRACE:9] -- DONE --
[BENCHMARK] 0 restart
[TRACE:8] -- DONE --
[BENCHMARK] 2 restart
[TRACE:10] -- DONE --
[BENCHMARK] 3 restart
[TRACE:11] -- DONE --
[BENCHMARK] 0 restart
[TRACE:1] -- DONE --
[BENCHMARK] 1 writing stats
[TRACE:13] -- STOP --
[TRACE:12] -- STOP --
[TRACE:14] -- STOP --
[SNIPER] Disabling performance models
[SNIPER] Leaving ROI after 9015.21 seconds
[SNIPER] Simulated 3367.9M instructions, 3733.2M cycles, 0.90 IPC
[SNIPER] Simulation speed 373.6 KIPS (93.4 KIPS / target core - 10707.2ns/instr)
[SNIPER] Setting instrumentation mode to FAST_FORWARD
[SNIPER] End
[SNIPER] Elapsed time: 9009.30 seconds
