[SNIPER] (0) Using trace file /global/work/runarbol/sniper-traces/astar.250000000.sift
[SNIPER] (1) Using trace file /global/work/runarbol/sniper-traces/sphinx3.250000000.sift
[SNIPER] (2) Using trace file /global/work/runarbol/sniper-traces/lbm.250000000.sift
[SNIPER] (3) Using trace file /global/work/runarbol/sniper-traces/libquantum.250000000.sift
[SNIPER] Start
Executing Python script /global/work/runarbol/run/replacement/astar-sphinx3-lbm-libquantum.250M.lru.l2-0256k.l3-04M.membus-03_2.csmb-0100/sim.scripts.py
[BENCHMARK] 0 start
[BENCHMARK] 1 start
[BENCHMARK] 2 start
[BENCHMARK] 3 start
[SNIPER] --------------------------------------------------------------------------------
[SNIPER] Sniper using SIFT/trace-driven frontend
[SNIPER] Running full application in DETAILED mode
[SNIPER] --------------------------------------------------------------------------------
[SNIPER] Enabling performance models
[SNIPER] Setting instrumentation mode to DETAILED
[TRACE:0] -- DONE --
[BENCHMARK] 0 writing stats
[BENCHMARK] 0 restart
[TRACE:2] -- DONE --
[BENCHMARK] 2 writing stats
[BENCHMARK] 2 restart
[TRACE:4] -- DONE --
[BENCHMARK] 0 restart
[TRACE:1] -- DONE --
[BENCHMARK] 1 writing stats
[BENCHMARK] 1 restart
[TRACE:3] -- DONE --
[BENCHMARK] 3 writing stats
[TRACE:7] -- STOP --
[TRACE:6] -- STOP --
[TRACE:5] -- STOP --
[SNIPER] Disabling performance models
[SNIPER] Leaving ROI after 8696.76 seconds
[SNIPER] Simulated 1812.8M instructions, 2698.0M cycles, 0.67 IPC
[SNIPER] Simulation speed 208.5 KIPS (52.1 KIPS / target core - 19189.2ns/instr)
[SNIPER] Setting instrumentation mode to FAST_FORWARD
[SNIPER] End
[SNIPER] Elapsed time: 8697.22 seconds
