[SNIPER] (0) Using trace file /global/work/runarbol/sniper-traces/astar.250000000.sift
[SNIPER] (1) Using trace file /global/work/runarbol/sniper-traces/sphinx3.250000000.sift
[SNIPER] (2) Using trace file /global/work/runarbol/sniper-traces/lbm.250000000.sift
[SNIPER] (3) Using trace file /global/work/runarbol/sniper-traces/libquantum.250000000.sift
[SNIPER] Start
Executing Python script /global/work/runarbol/run/replacement/astar-sphinx3-lbm-libquantum.250M.prism.l2-0256k.l3-04M.membus-06_4.csmb-0100/sim.scripts.py
[BENCHMARK] 0 start
[BENCHMARK] 1 start
[BENCHMARK] 2 start
[BENCHMARK] 3 start
[SNIPER] --------------------------------------------------------------------------------
[SNIPER] Sniper using SIFT/trace-driven frontend
[SNIPER] Running full application in DETAILED mode
[SNIPER] --------------------------------------------------------------------------------
[SNIPER] Enabling performance models
[SNIPER] Setting instrumentation mode to DETAILED
[TRACE:1] -- DONE --
[BENCHMARK] 1 writing stats
[BENCHMARK] 1 restart
[TRACE:2] -- DONE --
[BENCHMARK] 2 writing stats
[BENCHMARK] 2 restart
[TRACE:0] -- DONE --
[BENCHMARK] 0 writing stats
[BENCHMARK] 0 restart
[TRACE:4] -- DONE --
[BENCHMARK] 1 restart
[TRACE:3] -- DONE --
[BENCHMARK] 3 writing stats
[TRACE:7] -- STOP --
[TRACE:5] -- STOP --
[TRACE:6] -- STOP --
[SNIPER] Disabling performance models
[SNIPER] Leaving ROI after 6415.21 seconds
[SNIPER] Simulated 1769.3M instructions, 1369.8M cycles, 1.29 IPC
[SNIPER] Simulation speed 275.8 KIPS (68.9 KIPS / target core - 14503.3ns/instr)
[SNIPER] Setting instrumentation mode to FAST_FORWARD
[SNIPER] End
[SNIPER] Elapsed time: 6411.09 seconds
