[SNIPER] (0) Using trace file /global/work/runarbol/sniper-traces/soplex.250000000.sift
[SNIPER] (1) Using trace file /global/work/runarbol/sniper-traces/bzip2.250000000.sift
[SNIPER] (2) Using trace file /global/work/runarbol/sniper-traces/omnetpp.250000000.sift
[SNIPER] (3) Using trace file /global/work/runarbol/sniper-traces/mcf.250000000.sift
[SNIPER] Start
Executing Python script /global/work/runarbol/run/replacement/soplex-bzip2-omnetpp-mcf.250M.drrip-3.l2-0128k.l3-04M.membus-06_4.csmb-0100/sim.scripts.py
[BENCHMARK] 0 start
[BENCHMARK] 1 start
[BENCHMARK] 2 start
[BENCHMARK] 3 start
[SNIPER] --------------------------------------------------------------------------------
[SNIPER] Sniper using SIFT/trace-driven frontend
[SNIPER] Running full application in DETAILED mode
[SNIPER] --------------------------------------------------------------------------------
[SNIPER] Enabling performance models
[SNIPER] Setting instrumentation mode to DETAILED
[TRACE:1] -- DONE --
[BENCHMARK] 1 writing stats
[BENCHMARK] 1 restart
[TRACE:4] -- DONE --
[BENCHMARK] 1 restart
[TRACE:5] -- DONE --
[BENCHMARK] 1 restart
[TRACE:0] -- DONE --
[BENCHMARK] 0 writing stats
[BENCHMARK] 0 restart
[TRACE:2] -- DONE --
[BENCHMARK] 2 writing stats
[BENCHMARK] 2 restart
[TRACE:6] -- DONE --
[BENCHMARK] 1 restart
[TRACE:9] -- DONE --
[BENCHMARK] 1 restart
[TRACE:10] -- DONE --
[BENCHMARK] 1 restart
[TRACE:7] -- DONE --
[BENCHMARK] 0 restart
[TRACE:11] -- DONE --
[BENCHMARK] 1 restart
[TRACE:8] -- DONE --
[BENCHMARK] 2 restart
[TRACE:13] -- DONE --
[BENCHMARK] 1 restart
[TRACE:15] -- DONE --
[BENCHMARK] 1 restart
[TRACE:16] -- DONE --
[BENCHMARK] 1 restart
[TRACE:12] -- DONE --
[BENCHMARK] 0 restart
[TRACE:17] -- DONE --
[BENCHMARK] 1 restart
[TRACE:14] -- DONE --
[BENCHMARK] 2 restart
[TRACE:19] -- DONE --
[BENCHMARK] 1 restart
[TRACE:3] -- DONE --
[BENCHMARK] 3 writing stats
[TRACE:18] -- STOP --
[TRACE:21] -- STOP --
[TRACE:20] -- STOP --
[SNIPER] Disabling performance models
[SNIPER] Leaving ROI after 9082.36 seconds
[SNIPER] Simulated 5192.5M instructions, 3708.6M cycles, 1.40 IPC
[SNIPER] Simulation speed 571.7 KIPS (142.9 KIPS / target core - 6996.6ns/instr)
[SNIPER] Setting instrumentation mode to FAST_FORWARD
[SNIPER] End
[SNIPER] Elapsed time: 9071.04 seconds
