[SNIPER] (0) Using trace file /global/work/runarbol/sniper-traces/cactusADM.250000000.sift
[SNIPER] (1) Using trace file /global/work/runarbol/sniper-traces/milc.250000000.sift
[SNIPER] (2) Using trace file /global/work/runarbol/sniper-traces/zeusmp.250000000.sift
[SNIPER] (3) Using trace file /global/work/runarbol/sniper-traces/gcc.250000000.sift
[SNIPER] Start
Executing Python script /global/work/runarbol/run/replacement/cactusADM-milc-zeusmp-gcc.250M.ucp.l2-0256k.l3-04M.membus-01_6.csmb-0100/sim.scripts.py
[BENCHMARK] 0 start
[BENCHMARK] 1 start
[BENCHMARK] 2 start
[BENCHMARK] 3 start
[SNIPER] --------------------------------------------------------------------------------
[SNIPER] Sniper using SIFT/trace-driven frontend
[SNIPER] Running full application in DETAILED mode
[SNIPER] --------------------------------------------------------------------------------
[SNIPER] Enabling performance models
[SNIPER] Setting instrumentation mode to DETAILED
[TRACE:0] -- DONE --
[BENCHMARK] 0 writing stats
[BENCHMARK] 0 restart
[TRACE:3] -- DONE --
[BENCHMARK] 3 writing stats
[BENCHMARK] 3 restart
[TRACE:2] -- DONE --
[BENCHMARK] 2 writing stats
[BENCHMARK] 2 restart
[TRACE:4] -- DONE --
[BENCHMARK] 0 restart
[TRACE:5] -- DONE --
[BENCHMARK] 3 restart
[TRACE:7] -- DONE --
[BENCHMARK] 0 restart
[TRACE:1] -- DONE --
[BENCHMARK] 1 writing stats
[TRACE:9] -- STOP --
[TRACE:6] -- STOP --
[TRACE:8] -- STOP --
[SNIPER] Disabling performance models
[SNIPER] Leaving ROI after 13165.92 seconds
[SNIPER] Simulated 2279.1M instructions, 2921.6M cycles, 0.78 IPC
[SNIPER] Simulation speed 173.1 KIPS (43.3 KIPS / target core - 23106.8ns/instr)
[SNIPER] Setting instrumentation mode to FAST_FORWARD
[SNIPER] End
[SNIPER] Elapsed time: 13155.91 seconds
