[SNIPER] (0) Using trace file /global/work/runarbol/sniper-traces/sphinx3.250000000.sift
[SNIPER] (1) Using trace file /global/work/runarbol/sniper-traces/bwaves.250000000.sift
[SNIPER] (2) Using trace file /global/work/runarbol/sniper-traces/gobmk.250000000.sift
[SNIPER] (3) Using trace file /global/work/runarbol/sniper-traces/bzip2.250000000.sift
[SNIPER] Start
Executing Python script /global/work/runarbol/run/replacement/sphinx3-bwaves-gobmk-bzip2.250M.tadip.l2-0512k.l3-04M.membus-06_4.csmb-0100/sim.scripts.py
[BENCHMARK] 0 start
[BENCHMARK] 1 start
[BENCHMARK] 2 start
[BENCHMARK] 3 start
[SNIPER] --------------------------------------------------------------------------------
[SNIPER] Sniper using SIFT/trace-driven frontend
[SNIPER] Running full application in DETAILED mode
[SNIPER] --------------------------------------------------------------------------------
[SNIPER] Enabling performance models
[SNIPER] Setting instrumentation mode to DETAILED
[TRACE:2] -- DONE --
[BENCHMARK] 2 writing stats
[BENCHMARK] 2 restart
[TRACE:3] -- DONE --
[BENCHMARK] 3 writing stats
[BENCHMARK] 3 restart
[TRACE:1] -- DONE --
[BENCHMARK] 1 writing stats
[BENCHMARK] 1 restart
[TRACE:5] -- DONE --
[BENCHMARK] 3 restart
[TRACE:4] -- DONE --
[BENCHMARK] 2 restart
[TRACE:0] -- DONE --
[BENCHMARK] 0 writing stats
[TRACE:7] -- STOP --
[TRACE:6] -- STOP --
[TRACE:8] -- STOP --
[SNIPER] Disabling performance models
[SNIPER] Leaving ROI after 3644.39 seconds
[SNIPER] Simulated 1706.1M instructions, 702.2M cycles, 2.43 IPC
[SNIPER] Simulation speed 468.1 KIPS (117.0 KIPS / target core - 8544.4ns/instr)
[SNIPER] Setting instrumentation mode to FAST_FORWARD
[SNIPER] End
[SNIPER] Elapsed time: 3642.82 seconds
