[SNIPER] (0) Using trace file /global/work/runarbol/sniper-traces/libquantum.250000000.sift
[SNIPER] (1) Using trace file /global/work/runarbol/sniper-traces/gcc.250000000.sift
[SNIPER] (2) Using trace file /global/work/runarbol/sniper-traces/milc.250000000.sift
[SNIPER] (3) Using trace file /global/work/runarbol/sniper-traces/lbm.250000000.sift
[SNIPER] Start
Executing Python script /global/work/runarbol/run/replacement/libquantum-gcc-milc-lbm.250M.prism.l2-0128k.l3-04M.membus-06_4.csmb-0010/sim.scripts.py
[BENCHMARK] 0 start
[BENCHMARK] 1 start
[BENCHMARK] 2 start
[BENCHMARK] 3 start
[SNIPER] --------------------------------------------------------------------------------
[SNIPER] Sniper using SIFT/trace-driven frontend
[SNIPER] Running full application in DETAILED mode
[SNIPER] --------------------------------------------------------------------------------
[SNIPER] Enabling performance models
[SNIPER] Setting instrumentation mode to DETAILED
[TRACE:1] -- DONE --
[BENCHMARK] 1 writing stats
[BENCHMARK] 1 restart
[TRACE:3] -- DONE --
[BENCHMARK] 3 writing stats
[BENCHMARK] 3 restart
[TRACE:4] -- DONE --
[BENCHMARK] 1 restart
[TRACE:2] -- DONE --
[BENCHMARK] 2 writing stats
[BENCHMARK] 2 restart
[TRACE:6] -- DONE --
[BENCHMARK] 1 restart
[TRACE:0] -- DONE --
[BENCHMARK] 0 writing stats
[TRACE:8] -- STOP --
[TRACE:5] -- STOP --
[TRACE:7] -- STOP --
[SNIPER] Disabling performance models
[SNIPER] Leaving ROI after 7573.30 seconds
[SNIPER] Simulated 2028.2M instructions, 1651.7M cycles, 1.23 IPC
[SNIPER] Simulation speed 267.8 KIPS (67.0 KIPS / target core - 14936.0ns/instr)
[SNIPER] Setting instrumentation mode to FAST_FORWARD
[SNIPER] End
[SNIPER] Elapsed time: 7567.87 seconds
