[SNIPER] (0) Using trace file /global/work/runarbol/sniper-traces/xalancbmk.250000000.sift
[SNIPER] (1) Using trace file /global/work/runarbol/sniper-traces/mcf.250000000.sift
[SNIPER] (2) Using trace file /global/work/runarbol/sniper-traces/cactusADM.250000000.sift
[SNIPER] (3) Using trace file /global/work/runarbol/sniper-traces/sjeng.250000000.sift
[SNIPER] Start
Executing Python script /global/work/runarbol/run/replacement/xalancbmk-mcf-cactusADM-sjeng.250M.ucp.l2-0256k.l3-04M.membus-03_2.csmb-0100/sim.scripts.py
[BENCHMARK] 0 start
[BENCHMARK] 1 start
[BENCHMARK] 2 start
[BENCHMARK] 3 start
[SNIPER] --------------------------------------------------------------------------------
[SNIPER] Sniper using SIFT/trace-driven frontend
[SNIPER] Running full application in DETAILED mode
[SNIPER] --------------------------------------------------------------------------------
[SNIPER] Enabling performance models
[SNIPER] Setting instrumentation mode to DETAILED
[TRACE:3] -- DONE --
[BENCHMARK] 3 writing stats
[BENCHMARK] 3 restart
[TRACE:2] -- DONE --
[BENCHMARK] 2 writing stats
[BENCHMARK] 2 restart
[TRACE:4] -- DONE --
[BENCHMARK] 3 restart
[TRACE:5] -- DONE --
[BENCHMARK] 2 restart
[TRACE:6] -- DONE --
[BENCHMARK] 3 restart
[TRACE:7] -- DONE --
[BENCHMARK] 2 restart
[TRACE:8] -- DONE --
[BENCHMARK] 3 restart
[TRACE:10] -- DONE --
[BENCHMARK] 3 restart
[TRACE:9] -- DONE --
[BENCHMARK] 2 restart
[TRACE:11] -- DONE --
[BENCHMARK] 3 restart
[TRACE:12] -- DONE --
[BENCHMARK] 2 restart
[TRACE:13] -- DONE --
[BENCHMARK] 3 restart
[TRACE:14] -- DONE --
[BENCHMARK] 2 restart
[TRACE:15] -- DONE --
[BENCHMARK] 3 restart
[TRACE:0] -- DONE --
[BENCHMARK] 0 writing stats
[BENCHMARK] 0 restart
[TRACE:16] -- DONE --
[BENCHMARK] 2 restart
[TRACE:17] -- DONE --
[BENCHMARK] 3 restart
[TRACE:20] -- DONE --
[BENCHMARK] 3 restart
[TRACE:19] -- DONE --
[BENCHMARK] 2 restart
[TRACE:21] -- DONE --
[BENCHMARK] 3 restart
[TRACE:22] -- DONE --
[BENCHMARK] 2 restart
[TRACE:23] -- DONE --
[BENCHMARK] 3 restart
[TRACE:24] -- DONE --
[BENCHMARK] 2 restart
[TRACE:25] -- DONE --
[BENCHMARK] 3 restart
[TRACE:26] -- DONE --
[BENCHMARK] 2 restart
[TRACE:27] -- DONE --
[BENCHMARK] 3 restart
[TRACE:28] -- DONE --
[BENCHMARK] 2 restart
[TRACE:29] -- DONE --
[BENCHMARK] 3 restart
[TRACE:31] -- DONE --
[BENCHMARK] 3 restart
[TRACE:18] -- DONE --
[BENCHMARK] 0 restart
[TRACE:30] -- DONE --
[BENCHMARK] 2 restart
[TRACE:1] -- DONE --
[BENCHMARK] 1 writing stats
[TRACE:34] -- STOP --
[TRACE:32] -- STOP --
[TRACE:33] -- STOP --
[SNIPER] Disabling performance models
[SNIPER] Leaving ROI after 14967.62 seconds
[SNIPER] Simulated 8324.9M instructions, 4754.1M cycles, 1.75 IPC
[SNIPER] Simulation speed 556.2 KIPS (139.0 KIPS / target core - 7191.7ns/instr)
[SNIPER] Setting instrumentation mode to FAST_FORWARD
[SNIPER] End
[SNIPER] Elapsed time: 14948.11 seconds
