[SNIPER] (0) Using trace file /global/work/runarbol/sniper-traces/astar.250000000.sift
[SNIPER] (1) Using trace file /global/work/runarbol/sniper-traces/libquantum.250000000.sift
[SNIPER] (2) Using trace file /global/work/runarbol/sniper-traces/calculix.250000000.sift
[SNIPER] (3) Using trace file /global/work/runarbol/sniper-traces/soplex.250000000.sift
[SNIPER] Start
Executing Python script /global/work/runarbol/run/replacement/astar-libquantum-calculix-soplex.250M.lru.l2-0128k.l3-04M.membus-06_4.csmb-1000/sim.scripts.py
[BENCHMARK] 0 start
[BENCHMARK] 1 start
[BENCHMARK] 2 start
[BENCHMARK] 3 start
[SNIPER] --------------------------------------------------------------------------------
[SNIPER] Sniper using SIFT/trace-driven frontend
[SNIPER] Running full application in DETAILED mode
[SNIPER] --------------------------------------------------------------------------------
[SNIPER] Enabling performance models
[SNIPER] Setting instrumentation mode to DETAILED
[TRACE:2] -- DONE --
[BENCHMARK] 2 writing stats
[BENCHMARK] 2 restart
[TRACE:0] -- DONE --
[BENCHMARK] 0 writing stats
[BENCHMARK] 0 restart
[TRACE:4] -- DONE --
[BENCHMARK] 2 restart
[TRACE:5] -- DONE --
[BENCHMARK] 0 restart
[TRACE:6] -- DONE --
[BENCHMARK] 2 restart
[TRACE:3] -- DONE --
[BENCHMARK] 3 writing stats
[BENCHMARK] 3 restart
[TRACE:1] -- DONE --
[BENCHMARK] 1 writing stats
[TRACE:7] -- STOP --
[TRACE:8] -- STOP --
[TRACE:9] -- STOP --
[SNIPER] Disabling performance models
[SNIPER] Leaving ROI after 3194.47 seconds
[SNIPER] Simulated 2192.7M instructions, 1027.6M cycles, 2.13 IPC
[SNIPER] Simulation speed 686.4 KIPS (171.6 KIPS / target core - 5827.6ns/instr)
[SNIPER] Setting instrumentation mode to FAST_FORWARD
[SNIPER] End
[SNIPER] Elapsed time: 3196.56 seconds
