[SNIPER] (0) Using trace file /global/work/runarbol/sniper-traces/bwaves.250000000.sift
[SNIPER] (1) Using trace file /global/work/runarbol/sniper-traces/soplex.250000000.sift
[SNIPER] (2) Using trace file /global/work/runarbol/sniper-traces/GemsFDTD.250000000.sift
[SNIPER] (3) Using trace file /global/work/runarbol/sniper-traces/milc.250000000.sift
[SNIPER] Start
Executing Python script /global/work/runarbol/run/replacement/bwaves-soplex-GemsFDTD-milc.250M.pipp-min8.l2-0256k.l3-04M.membus-01_6.csmb-0100/sim.scripts.py
[BENCHMARK] 0 start
[BENCHMARK] 1 start
[BENCHMARK] 2 start
[BENCHMARK] 3 start
[SNIPER] --------------------------------------------------------------------------------
[SNIPER] Sniper using SIFT/trace-driven frontend
[SNIPER] Running full application in DETAILED mode
[SNIPER] --------------------------------------------------------------------------------
[SNIPER] Enabling performance models
[SNIPER] Setting instrumentation mode to DETAILED
[TRACE:2] -- DONE --
[BENCHMARK] 2 writing stats
[BENCHMARK] 2 restart
[TRACE:4] -- DONE --
[BENCHMARK] 2 restart
[TRACE:5] -- DONE --
[BENCHMARK] 2 restart
[TRACE:6] -- DONE --
[BENCHMARK] 2 restart
[TRACE:7] -- DONE --
[BENCHMARK] 2 restart
[TRACE:8] -- DONE --
[BENCHMARK] 2 restart
[TRACE:9] -- DONE --
[BENCHMARK] 2 restart
[TRACE:10] -- DONE --
[BENCHMARK] 2 restart
[TRACE:11] -- DONE --
[BENCHMARK] 2 restart
[TRACE:12] -- DONE --
[BENCHMARK] 2 restart
[TRACE:13] -- DONE --
[BENCHMARK] 2 restart
[TRACE:14] -- DONE --
[BENCHMARK] 2 restart
[TRACE:15] -- DONE --
[BENCHMARK] 2 restart
[TRACE:16] -- DONE --
[BENCHMARK] 2 restart
[TRACE:17] -- DONE --
[BENCHMARK] 2 restart
[TRACE:0] -- DONE --
[BENCHMARK] 0 writing stats
[BENCHMARK] 0 restart
[TRACE:18] -- DONE --
[BENCHMARK] 2 restart
[TRACE:20] -- DONE --
[BENCHMARK] 2 restart
[TRACE:21] -- DONE --
[BENCHMARK] 2 restart
[TRACE:22] -- DONE --
[BENCHMARK] 2 restart
[TRACE:23] -- DONE --
[BENCHMARK] 2 restart
[TRACE:24] -- DONE --
[BENCHMARK] 2 restart
[TRACE:25] -- DONE --
[BENCHMARK] 2 restart
[TRACE:26] -- DONE --
[BENCHMARK] 2 restart
[TRACE:27] -- DONE --
[BENCHMARK] 2 restart
[TRACE:3] -- DONE --
[BENCHMARK] 3 writing stats
[BENCHMARK] 3 restart
[TRACE:28] -- DONE --
[BENCHMARK] 2 restart
[TRACE:30] -- DONE --
[BENCHMARK] 2 restart
[TRACE:31] -- DONE --
[BENCHMARK] 2 restart
[TRACE:32] -- DONE --
[BENCHMARK] 2 restart
[TRACE:33] -- DONE --
[BENCHMARK] 2 restart
[TRACE:34] -- DONE --
[BENCHMARK] 2 restart
[TRACE:35] -- DONE --
[BENCHMARK] 2 restart
[TRACE:1] -- DONE --
[BENCHMARK] 1 writing stats
[TRACE:36] -- STOP --
[TRACE:19] -- STOP --
[TRACE:29] -- STOP --
[SNIPER] Disabling performance models
[SNIPER] Leaving ROI after 20841.25 seconds
[SNIPER] Simulated 8959.5M instructions, 4102.5M cycles, 2.18 IPC
[SNIPER] Simulation speed 429.9 KIPS (107.5 KIPS / target core - 9304.7ns/instr)
[SNIPER] Setting instrumentation mode to FAST_FORWARD
[SNIPER] End
[SNIPER] Elapsed time: 20840.94 seconds
