[SNIPER] (0) Using trace file /global/work/runarbol/sniper-traces/libquantum.250000000.sift
[SNIPER] (1) Using trace file /global/work/runarbol/sniper-traces/milc.250000000.sift
[SNIPER] (2) Using trace file /global/work/runarbol/sniper-traces/gcc.250000000.sift
[SNIPER] (3) Using trace file /global/work/runarbol/sniper-traces/xalancbmk.250000000.sift
[SNIPER] Start
Executing Python script /global/work/runarbol/run/replacement/libquantum-milc-gcc-xalancbmk.250M.pipp-min8.l2-0128k.l3-04M.membus-06_4.csmb-1000/sim.scripts.py
[BENCHMARK] 0 start
[BENCHMARK] 1 start
[BENCHMARK] 2 start
[BENCHMARK] 3 start
[SNIPER] --------------------------------------------------------------------------------
[SNIPER] Sniper using SIFT/trace-driven frontend
[SNIPER] Running full application in DETAILED mode
[SNIPER] --------------------------------------------------------------------------------
[SNIPER] Enabling performance models
[SNIPER] Setting instrumentation mode to DETAILED
[TRACE:2] -- DONE --
[BENCHMARK] 2 writing stats
[BENCHMARK] 2 restart
[TRACE:4] -- DONE --
[BENCHMARK] 2 restart
[TRACE:1] -- DONE --
[BENCHMARK] 1 writing stats
[BENCHMARK] 1 restart
[TRACE:0] -- DONE --
[BENCHMARK] 0 writing stats
[BENCHMARK] 0 restart
[TRACE:5] -- DONE --
[BENCHMARK] 2 restart
[TRACE:8] -- DONE --
[BENCHMARK] 2 restart
[TRACE:6] -- DONE --
[BENCHMARK] 1 restart
[TRACE:3] -- DONE --
[BENCHMARK] 3 writing stats
[TRACE:9] -- STOP --
[TRACE:7] -- STOP --
[TRACE:10] -- STOP --
[SNIPER] Disabling performance models
[SNIPER] Leaving ROI after 5233.51 seconds
[SNIPER] Simulated 2402.9M instructions, 1815.3M cycles, 1.32 IPC
[SNIPER] Simulation speed 459.1 KIPS (114.8 KIPS / target core - 8711.9ns/instr)
[SNIPER] Setting instrumentation mode to FAST_FORWARD
[SNIPER] End
[SNIPER] Elapsed time: 5227.76 seconds
