[SNIPER] (0) Using trace file /global/work/runarbol/sniper-traces/calculix.250000000.sift
[SNIPER] (1) Using trace file /global/work/runarbol/sniper-traces/gobmk.250000000.sift
[SNIPER] (2) Using trace file /global/work/runarbol/sniper-traces/GemsFDTD.250000000.sift
[SNIPER] (3) Using trace file /global/work/runarbol/sniper-traces/cactusADM.250000000.sift
[SNIPER] Start
Executing Python script /global/work/runarbol/run/replacement/calculix-gobmk-GemsFDTD-cactusADM.250M.ucp.l2-1024k.l3-04M.membus-06_4.csmb-0100/sim.scripts.py
[BENCHMARK] 0 start
[BENCHMARK] 1 start
[BENCHMARK] 2 start
[BENCHMARK] 3 start
[SNIPER] --------------------------------------------------------------------------------
[SNIPER] Sniper using SIFT/trace-driven frontend
[SNIPER] Running full application in DETAILED mode
[SNIPER] --------------------------------------------------------------------------------
[SNIPER] Enabling performance models
[SNIPER] Setting instrumentation mode to DETAILED
[TRACE:2] -- DONE --
[BENCHMARK] 2 writing stats
[BENCHMARK] 2 restart
[TRACE:1] -- DONE --
[BENCHMARK] 1 writing stats
[BENCHMARK] 1 restart
[TRACE:0] -- DONE --
[BENCHMARK] 0 writing stats
[BENCHMARK] 0 restart
[TRACE:4] -- DONE --
[BENCHMARK] 2 restart
[TRACE:3] -- DONE --
[BENCHMARK] 3 writing stats
[TRACE:5] -- STOP --
[TRACE:6] -- STOP --
[TRACE:7] -- STOP --
[SNIPER] Disabling performance models
[SNIPER] Leaving ROI after 1769.59 seconds
[SNIPER] Simulated 1324.4M instructions, 263.4M cycles, 5.03 IPC
[SNIPER] Simulation speed 748.4 KIPS (187.1 KIPS / target core - 5344.7ns/instr)
[SNIPER] Setting instrumentation mode to FAST_FORWARD
[SNIPER] End
[SNIPER] Elapsed time: 1769.97 seconds
