[SNIPER] (0) Using trace file /global/work/runarbol/sniper-traces/xalancbmk.250000000.sift
[SNIPER] (1) Using trace file /global/work/runarbol/sniper-traces/libquantum.250000000.sift
[SNIPER] (2) Using trace file /global/work/runarbol/sniper-traces/lbm.250000000.sift
[SNIPER] (3) Using trace file /global/work/runarbol/sniper-traces/milc.250000000.sift
[SNIPER] Start
Executing Python script /global/work/runarbol/run/replacement/xalancbmk-libquantum-lbm-milc.250M.pipp-min8.l2-0512k.l3-04M.membus-06_4/sim.scripts.py
[BENCHMARK] 0 start
[BENCHMARK] 1 start
[BENCHMARK] 2 start
[BENCHMARK] 3 start
[SNIPER] --------------------------------------------------------------------------------
[SNIPER] Sniper using SIFT/trace-driven frontend
[SNIPER] Running full application in DETAILED mode
[SNIPER] --------------------------------------------------------------------------------
[SNIPER] Enabling performance models
[SNIPER] Setting instrumentation mode to DETAILED
[TRACE:2] -- DONE --
[BENCHMARK] 2 writing stats
[BENCHMARK] 2 restart
[TRACE:3] -- DONE --
[BENCHMARK] 3 writing stats
[BENCHMARK] 3 restart
[TRACE:1] -- DONE --
[BENCHMARK] 1 writing stats
[BENCHMARK] 1 restart
[TRACE:4] -- DONE --
[BENCHMARK] 2 restart
[TRACE:5] -- DONE --
[BENCHMARK] 3 restart
[TRACE:7] -- DONE --
[BENCHMARK] 2 restart
[TRACE:0] -- DONE --
[BENCHMARK] 0 writing stats
[TRACE:9] -- STOP --
[TRACE:6] -- STOP --
[TRACE:8] -- STOP --
[SNIPER] Disabling performance models
[SNIPER] Leaving ROI after 9979.65 seconds
[SNIPER] Simulated 2120.1M instructions, 2904.6M cycles, 0.73 IPC
[SNIPER] Simulation speed 212.4 KIPS (53.1 KIPS / target core - 18828.7ns/instr)
[SNIPER] Setting instrumentation mode to FAST_FORWARD
[SNIPER] End
[SNIPER] Elapsed time: 9972.11 seconds
