[SNIPER] (0) Using trace file /global/work/runarbol/sniper-traces/xalancbmk.250000000.sift
[SNIPER] (1) Using trace file /global/work/runarbol/sniper-traces/wrf.250000000.sift
[SNIPER] (2) Using trace file /global/work/runarbol/sniper-traces/cactusADM.250000000.sift
[SNIPER] (3) Using trace file /global/work/runarbol/sniper-traces/libquantum.250000000.sift
[SNIPER] Start
Executing Python script /global/work/runarbol/run/replacement/xalancbmk-wrf-cactusADM-libquantum.250M.lru.l2-0256k.l3-04M.membus-06_4.csmb-0100/sim.scripts.py
[BENCHMARK] 0 start
[BENCHMARK] 1 start
[BENCHMARK] 2 start
[BENCHMARK] 3 start
[SNIPER] --------------------------------------------------------------------------------
[SNIPER] Sniper using SIFT/trace-driven frontend
[SNIPER] Running full application in DETAILED mode
[SNIPER] --------------------------------------------------------------------------------
[SNIPER] Enabling performance models
[SNIPER] Setting instrumentation mode to DETAILED
[TRACE:2] -- DONE --
[BENCHMARK] 2 writing stats
[BENCHMARK] 2 restart
[TRACE:1] -- DONE --
[BENCHMARK] 1 writing stats
[BENCHMARK] 1 restart
[TRACE:4] -- DONE --
[BENCHMARK] 2 restart
[TRACE:6] -- DONE --
[BENCHMARK] 2 restart
[TRACE:5] -- DONE --
[BENCHMARK] 1 restart
[TRACE:3] -- DONE --
[BENCHMARK] 3 writing stats
[BENCHMARK] 3 restart
[TRACE:7] -- DONE --
[BENCHMARK] 2 restart
[TRACE:8] -- DONE --
[BENCHMARK] 1 restart
[TRACE:10] -- DONE --
[BENCHMARK] 2 restart
[TRACE:12] -- DONE --
[BENCHMARK] 2 restart
[TRACE:11] -- DONE --
[BENCHMARK] 1 restart
[TRACE:0] -- DONE --
[BENCHMARK] 0 writing stats
[TRACE:13] -- STOP --
[TRACE:9] -- STOP --
[TRACE:14] -- STOP --
[SNIPER] Disabling performance models
[SNIPER] Leaving ROI after 6753.34 seconds
[SNIPER] Simulated 3270.2M instructions, 1794.7M cycles, 1.82 IPC
[SNIPER] Simulation speed 484.2 KIPS (121.1 KIPS / target core - 8260.6ns/instr)
[SNIPER] Setting instrumentation mode to FAST_FORWARD
[SNIPER] End
[SNIPER] Elapsed time: 6754.05 seconds
